{"numFailedTestSuites":3,"numFailedTests":5,"numPassedTestSuites":16,"numPassedTests":204,"numPendingTestSuites":0,"numPendingTests":0,"numRuntimeErrorTestSuites":0,"numTodoTests":0,"numTotalTestSuites":19,"numTotalTests":209,"openHandles":[],"snapshot":{"added":0,"didUpdate":false,"failure":false,"filesAdded":0,"filesRemoved":0,"filesRemovedList":[],"filesUnmatched":0,"filesUpdated":0,"matched":1,"total":1,"unchecked":0,"uncheckedKeysByFile":[],"unmatched":0,"updated":0},"startTime":1757519959695,"success":false,"testResults":[{"assertionResults":[{"ancestorTitles":["Test Utils"],"duration":1,"failureDetails":[],"failureMessages":[],"fullName":"Test Utils should export utilities","invocations":1,"location":null,"numPassingAsserts":1,"retryReasons":[],"status":"passed","title":"should export utilities"},{"ancestorTitles":["ExperienceStep"],"duration":36,"failureDetails":[],"failureMessages":[],"fullName":"ExperienceStep renders with default state","invocations":1,"location":null,"numPassingAsserts":2,"retryReasons":[],"status":"passed","title":"renders with default state"},{"ancestorTitles":["ExperienceStep"],"duration":69,"failureDetails":[],"failureMessages":[],"fullName":"ExperienceStep adds new experience entry when \"Add Experience\" is clicked","invocations":1,"location":null,"numPassingAsserts":8,"retryReasons":[],"status":"passed","title":"adds new experience entry when \"Add Experience\" is clicked"},{"ancestorTitles":["ExperienceStep"],"duration":52,"failureDetails":[],"failureMessages":[],"fullName":"ExperienceStep adds multiple experience entries","invocations":1,"location":null,"numPassingAsserts":3,"retryReasons":[],"status":"passed","title":"adds multiple experience entries"},{"ancestorTitles":["ExperienceStep"],"duration":59,"failureDetails":[],"failureMessages":[],"fullName":"ExperienceStep removes experience entry when delete button is clicked","invocations":1,"location":null,"numPassingAsserts":4,"retryReasons":[],"status":"passed","title":"removes experience entry when delete button is clicked"},{"ancestorTitles":["ExperienceStep"],"duration":79,"failureDetails":[],"failureMessages":[],"fullName":"ExperienceStep validates required fields","invocations":1,"location":null,"numPassingAsserts":5,"retryReasons":[],"status":"passed","title":"validates required fields"},{"ancestorTitles":["ExperienceStep"],"duration":113,"failureDetails":[],"failureMessages":[],"fullName":"ExperienceStep clears validation errors when valid data is entered","invocations":1,"location":null,"numPassingAsserts":5,"retryReasons":[],"status":"passed","title":"clears validation errors when valid data is entered"},{"ancestorTitles":["ExperienceStep"],"duration":70,"failureDetails":[],"failureMessages":[],"fullName":"ExperienceStep manages multiple experience entries independently","invocations":1,"location":null,"numPassingAsserts":2,"retryReasons":[],"status":"passed","title":"manages multiple experience entries independently"},{"ancestorTitles":["ExperienceStep"],"duration":31,"failureDetails":[],"failureMessages":[],"fullName":"ExperienceStep end date field is optional","invocations":1,"location":null,"numPassingAsserts":1,"retryReasons":[],"status":"passed","title":"end date field is optional"},{"ancestorTitles":["ExperienceStep"],"duration":31,"failureDetails":[],"failureMessages":[],"fullName":"ExperienceStep description field is optional","invocations":1,"location":null,"numPassingAsserts":1,"retryReasons":[],"status":"passed","title":"description field is optional"},{"ancestorTitles":["ExperienceStep"],"duration":32,"failureDetails":[],"failureMessages":[],"fullName":"ExperienceStep currently working here checkbox toggles correctly","invocations":1,"location":null,"numPassingAsserts":3,"retryReasons":[],"status":"passed","title":"currently working here checkbox toggles correctly"},{"ancestorTitles":["ExperienceStep"],"duration":27,"failureDetails":[],"failureMessages":[],"fullName":"ExperienceStep generate ATS bullets button is present","invocations":1,"location":null,"numPassingAsserts":2,"retryReasons":[],"status":"passed","title":"generate ATS bullets button is present"},{"ancestorTitles":["ExperienceStep"],"duration":100,"failureDetails":[],"failureMessages":[],"fullName":"ExperienceStep generate ATS bullets calls API when description is provided","invocations":1,"location":null,"numPassingAsserts":1,"retryReasons":[],"status":"passed","title":"generate ATS bullets calls API when description is provided"},{"ancestorTitles":["ExperienceStep"],"duration":248,"failureDetails":[{"name":"TestingLibraryElementError"}],"failureMessages":["TestingLibraryElementError: Unable to find an accessible element with the role \"button\" and name `/generating.../i`\n\nHere are the accessible roles:\n\n  button:\n\n  Name \"\":\n  \u001b[36m<button\u001b[39m\n    \u001b[33mclass\u001b[39m=\u001b[32m\"inline-flex items-center justify-center whitespace-nowrap text-sm font-semibold transition-colors focus-visible:outline-none focus-visible:ring-1 focus-visible:ring-ring disabled:pointer-events-none disabled:opacity-50 [&_svg]:pointer-events-none [&_svg]:size-4 [&_svg]:shrink-0 hover:bg-accent dark:hover:bg-accent/50 h-8 rounded-md gap-1.5 px-3 has-[>svg]:px-2.5 text-red-500 hover:text-red-700\"\u001b[39m\n    \u001b[33mdata-slot\u001b[39m=\u001b[32m\"button\"\u001b[39m\n    \u001b[33mtype\u001b[39m=\u001b[32m\"button\"\u001b[39m\n  \u001b[36m/>\u001b[39m\n\n  Name \"Generate ATS Bullets\":\n  \u001b[36m<button\u001b[39m\n    \u001b[33maria-label\u001b[39m=\u001b[32m\"Generate ATS Bullets\"\u001b[39m\n    \u001b[33mclass\u001b[39m=\u001b[32m\"inline-flex items-center justify-center whitespace-nowrap text-sm font-semibold transition-colors focus-visible:outline-none focus-visible:ring-1 focus-visible:ring-ring disabled:pointer-events-none disabled:opacity-50 [&_svg]:pointer-events-none [&_svg]:size-4 [&_svg]:shrink-0 border bg-background shadow-xs hover:bg-accent hover:text-accent-foreground dark:bg-input/30 dark:border-input dark:hover:bg-input/50 h-8 rounded-md gap-1.5 px-3 has-[>svg]:px-2.5 mt-2\"\u001b[39m\n    \u001b[33mdata-slot\u001b[39m=\u001b[32m\"button\"\u001b[39m\n    \u001b[33mtype\u001b[39m=\u001b[32m\"button\"\u001b[39m\n  \u001b[36m/>\u001b[39m\n\n  Name \"Add Experience\":\n  \u001b[36m<button\u001b[39m\n    \u001b[33mclass\u001b[39m=\u001b[32m\"inline-flex items-center justify-center gap-2 whitespace-nowrap rounded-md text-sm font-semibold transition-colors focus-visible:outline-none focus-visible:ring-1 focus-visible:ring-ring disabled:pointer-events-none disabled:opacity-50 [&_svg]:pointer-events-none [&_svg]:size-4 [&_svg]:shrink-0 border bg-background shadow-xs hover:bg-accent hover:text-accent-foreground dark:bg-input/30 dark:border-input dark:hover:bg-input/50 h-9 px-4 py-2 has-[>svg]:px-3 w-full\"\u001b[39m\n    \u001b[33mdata-slot\u001b[39m=\u001b[32m\"button\"\u001b[39m\n    \u001b[33mtype\u001b[39m=\u001b[32m\"button\"\u001b[39m\n  \u001b[36m/>\u001b[39m\n\n  --------------------------------------------------\n  textbox:\n\n  Name \"Company *\":\n  \u001b[36m<input\u001b[39m\n    \u001b[33maria-invalid\u001b[39m=\u001b[32m\"false\"\u001b[39m\n    \u001b[33mclass\u001b[39m=\u001b[32m\"file:text-foreground placeholder:text-muted-foreground selection:bg-primary selection:text-primary-foreground dark:bg-input/30 border-input flex h-14 w-full min-w-0 rounded-md border bg-transparent px-3 py-1 text-xl shadow-xs transition-[color,box-shadow] outline-none file:inline-flex file:h-7 file:border-0 file:bg-transparent file:text-sm file:font-medium disabled:pointer-events-none disabled:cursor-not-allowed disabled:opacity-50 focus-visible:border-ring focus-visible:ring-ring/50 focus-visible:ring-[3px] aria-invalid:ring-destructive/20 dark:aria-invalid:ring-destructive/40 aria-invalid:border-destructive\"\u001b[39m\n    \u001b[33mdata-slot\u001b[39m=\u001b[32m\"input\"\u001b[39m\n    \u001b[33mdata-testid\u001b[39m=\u001b[32m\"field-experience-0-company\"\u001b[39m\n    \u001b[33mid\u001b[39m=\u001b[32m\"company-0\"\u001b[39m\n    \u001b[33mname\u001b[39m=\u001b[32m\"experience.0.company\"\u001b[39m\n    \u001b[33mplaceholder\u001b[39m=\u001b[32m\"Tech Corp\"\u001b[39m\n  \u001b[36m/>\u001b[39m\n\n  Name \"Position *\":\n  \u001b[36m<input\u001b[39m\n    \u001b[33maria-invalid\u001b[39m=\u001b[32m\"false\"\u001b[39m\n    \u001b[33mclass\u001b[39m=\u001b[32m\"file:text-foreground placeholder:text-muted-foreground selection:bg-primary selection:text-primary-foreground dark:bg-input/30 border-input flex h-14 w-full min-w-0 rounded-md border bg-transparent px-3 py-1 text-xl shadow-xs transition-[color,box-shadow] outline-none file:inline-flex file:h-7 file:border-0 file:bg-transparent file:text-sm file:font-medium disabled:pointer-events-none disabled:cursor-not-allowed disabled:opacity-50 focus-visible:border-ring focus-visible:ring-ring/50 focus-visible:ring-[3px] aria-invalid:ring-destructive/20 dark:aria-invalid:ring-destructive/40 aria-invalid:border-destructive\"\u001b[39m\n    \u001b[33mdata-slot\u001b[39m=\u001b[32m\"input\"\u001b[39m\n    \u001b[33mdata-testid\u001b[39m=\u001b[32m\"field-experience-0-position\"\u001b[39m\n    \u001b[33mid\u001b[39m=\u001b[32m\"position-0\"\u001b[39m\n    \u001b[33mname\u001b[39m=\u001b[32m\"experience.0.position\"\u001b[39m\n    \u001b[33mplaceholder\u001b[39m=\u001b[32m\"Software Engineer\"\u001b[39m\n  \u001b[36m/>\u001b[39m\n\n  Name \"Start Date *\":\n  \u001b[36m<input\u001b[39m\n    \u001b[33maria-invalid\u001b[39m=\u001b[32m\"false\"\u001b[39m\n    \u001b[33mclass\u001b[39m=\u001b[32m\"file:text-foreground placeholder:text-muted-foreground selection:bg-primary selection:text-primary-foreground dark:bg-input/30 border-input flex h-14 w-full min-w-0 rounded-md border bg-transparent px-3 py-1 text-xl shadow-xs transition-[color,box-shadow] outline-none file:inline-flex file:h-7 file:border-0 file:bg-transparent file:text-sm file:font-medium disabled:pointer-events-none disabled:cursor-not-allowed disabled:opacity-50 focus-visible:border-ring focus-visible:ring-ring/50 focus-visible:ring-[3px] aria-invalid:ring-destructive/20 dark:aria-invalid:ring-destructive/40 aria-invalid:border-destructive\"\u001b[39m\n    \u001b[33mdata-slot\u001b[39m=\u001b[32m\"input\"\u001b[39m\n    \u001b[33mdata-testid\u001b[39m=\u001b[32m\"field-experience-0-startDate\"\u001b[39m\n    \u001b[33mid\u001b[39m=\u001b[32m\"startDate-0\"\u001b[39m\n    \u001b[33mname\u001b[39m=\u001b[32m\"experience.0.startDate\"\u001b[39m\n    \u001b[33mplaceholder\u001b[39m=\u001b[32m\"2020-01\"\u001b[39m\n  \u001b[36m/>\u001b[39m\n\n  Name \"End Date\":\n  \u001b[36m<input\u001b[39m\n    \u001b[33maria-invalid\u001b[39m=\u001b[32m\"false\"\u001b[39m\n    \u001b[33mclass\u001b[39m=\u001b[32m\"file:text-foreground placeholder:text-muted-foreground selection:bg-primary selection:text-primary-foreground dark:bg-input/30 border-input flex h-14 w-full min-w-0 rounded-md border bg-transparent px-3 py-1 text-xl shadow-xs transition-[color,box-shadow] outline-none file:inline-flex file:h-7 file:border-0 file:bg-transparent file:text-sm file:font-medium disabled:pointer-events-none disabled:cursor-not-allowed disabled:opacity-50 focus-visible:border-ring focus-visible:ring-ring/50 focus-visible:ring-[3px] aria-invalid:ring-destructive/20 dark:aria-invalid:ring-destructive/40 aria-invalid:border-destructive\"\u001b[39m\n    \u001b[33mdata-slot\u001b[39m=\u001b[32m\"input\"\u001b[39m\n    \u001b[33mdata-testid\u001b[39m=\u001b[32m\"field-experience-0-endDate\"\u001b[39m\n    \u001b[33mid\u001b[39m=\u001b[32m\"endDate-0\"\u001b[39m\n    \u001b[33mname\u001b[39m=\u001b[32m\"experience.0.endDate\"\u001b[39m\n    \u001b[33mplaceholder\u001b[39m=\u001b[32m\"2023-12 or Present\"\u001b[39m\n  \u001b[36m/>\u001b[39m\n\n  Name \"Raw Description\":\n  \u001b[36m<textarea\u001b[39m\n    \u001b[33mclass\u001b[39m=\u001b[32m\"flex min-h-[120px] max-h-[240px] w-full rounded-md border border-input bg-background px-3 py-2 text-xl placeholder:text-muted-foreground focus-visible:outline-none disabled:cursor-not-allowed disabled:opacity-50 focus-visible:border-ring focus-visible:ring-ring/50 focus-visible:ring-[3px] aria-invalid:ring-destructive/20 dark:aria-invalid:ring-destructive/40 aria-invalid:border-destructive\"\u001b[39m\n    \u001b[33mdata-testid\u001b[39m=\u001b[32m\"field-experience-0-description\"\u001b[39m\n    \u001b[33mid\u001b[39m=\u001b[32m\"description-0\"\u001b[39m\n    \u001b[33mname\u001b[39m=\u001b[32m\"experience.0.description\"\u001b[39m\n    \u001b[33mplaceholder\u001b[39m=\u001b[32m\"What did you do and why it mattered? e.g., Built React components, worked with designers, reduced page load by ~30%.\"\u001b[39m\n    \u001b[33mrows\u001b[39m=\u001b[32m\"3\"\u001b[39m\n  \u001b[36m/>\u001b[39m\n\n  --------------------------------------------------\n  checkbox:\n\n  Name \"Currently working here\":\n  \u001b[36m<input\u001b[39m\n    \u001b[33mclass\u001b[39m=\u001b[32m\"mr-2\"\u001b[39m\n    \u001b[33mdata-testid\u001b[39m=\u001b[32m\"field-experience-0-current\"\u001b[39m\n    \u001b[33mid\u001b[39m=\u001b[32m\"current-0\"\u001b[39m\n    \u001b[33mname\u001b[39m=\u001b[32m\"experience.0.current\"\u001b[39m\n    \u001b[33mtype\u001b[39m=\u001b[32m\"checkbox\"\u001b[39m\n  \u001b[36m/>\u001b[39m\n\n  --------------------------------------------------\n\nIgnored nodes: comments, script, style\n\u001b[36m<body>\u001b[39m\n  \u001b[36m<div>\u001b[39m\n    \u001b[36m<div\u001b[39m\n      \u001b[33mclass\u001b[39m=\u001b[32m\"space-y-6\"\u001b[39m\n    \u001b[36m>\u001b[39m\n      \u001b[36m<div\u001b[39m\n        \u001b[33mclass\u001b[39m=\u001b[32m\"text-card-foreground flex flex-col gap-6 rounded-3xl border border-white/10 hover:border-white/20 bg-card/80 supports-[backdrop-filter]:bg-card/70 backdrop-blur shadow-lg shadow-black/50 transition-all duration-300 py-6 md:py-8 relative\"\u001b[39m\n        \u001b[33mdata-slot\u001b[39m=\u001b[32m\"card\"\u001b[39m\n      \u001b[36m>\u001b[39m\n        \u001b[36m<div\u001b[39m\n          \u001b[33mclass\u001b[39m=\u001b[32m\"@container/card-header auto-rows-min grid-rows-[auto_auto] gap-1.5 px-6 md:px-8 has-data-[slot=card-action]:grid-cols-[1fr_auto] [.border-b]:pb-6 flex flex-row items-center justify-between space-y-0 pb-4\"\u001b[39m\n          \u001b[33mdata-slot\u001b[39m=\u001b[32m\"card-header\"\u001b[39m\n        \u001b[36m>\u001b[39m\n          \u001b[36m<div\u001b[39m\n            \u001b[33mclass\u001b[39m=\u001b[32m\"font-semibold text-lg\"\u001b[39m\n            \u001b[33mdata-slot\u001b[39m=\u001b[32m\"card-title\"\u001b[39m\n          \u001b[36m>\u001b[39m\n            \u001b[0mExperience\u001b[0m\n            \u001b[0m \u001b[0m\n            \u001b[0m1\u001b[0m\n          \u001b[36m</div>\u001b[39m\n          \u001b[36m<button\u001b[39m\n            \u001b[33mclass\u001b[39m=\u001b[32m\"inline-flex items-center justify-center whitespace-nowrap text-sm font-semibold transition-colors focus-visible:outline-none focus-visible:ring-1 focus-visible:ring-ring disabled:pointer-events-none disabled:opacity-50 [&_svg]:pointer-events-none [&_svg]:size-4 [&_svg]:shrink-0 hover:bg-accent dark:hover:bg-accent/50 h-8 rounded-md gap-1.5 px-3 has-[>svg]:px-2.5 text-red-500 hover:text-red-700\"\u001b[39m\n            \u001b[33mdata-slot\u001b[39m=\u001b[32m\"button\"\u001b[39m\n            \u001b[33mtype\u001b[39m=\u001b[32m\"button\"\u001b[39m\n          \u001b[36m>\u001b[39m\n            \u001b[36m<svg\u001b[39m\n              \u001b[33mclass\u001b[39m=\u001b[32m\"lucide lucide-trash2 h-4 w-4\"\u001b[39m\n              \u001b[33mfill\u001b[39m=\u001b[32m\"none\"\u001b[39m\n              \u001b[33mheight\u001b[39m=\u001b[32m\"24\"\u001b[39m\n              \u001b[33mstroke\u001b[39m=\u001b[32m\"currentColor\"\u001b[39m\n              \u001b[33mstroke-linecap\u001b[39m=\u001b[32m\"round\"\u001b[39m\n              \u001b[33mstroke-linejoin\u001b[39m=\u001b[32m\"round\"\u001b[39m\n              \u001b[33mstroke-width\u001b[39m=\u001b[32m\"2\"\u001b[39m\n              \u001b[33mviewBox\u001b[39m=\u001b[32m\"0 0 24 24\"\u001b[39m\n              \u001b[33mwidth\u001b[39m=\u001b[32m\"24\"\u001b[39m\n              \u001b[33mxmlns\u001b[39m=\u001b[32m\"http://www.w3.org/2000/svg\"\u001b[39m\n            \u001b[36m>\u001b[39m\n              \u001b[36m<path\u001b[39m\n                \u001b[33md\u001b[39m=\u001b[32m\"M3 6h18\"\u001b[39m\n              \u001b[36m/>\u001b[39m\n              \u001b[36m<path\u001b[39m\n                \u001b[33md\u001b[39m=\u001b[32m\"M19 6v14c0 1-1 2-2 2H7c-1 0-2-1-2-2V6\"\u001b[39m\n              \u001b[36m/>\u001b[39m\n              \u001b[36m<path\u001b[39m\n                \u001b[33md\u001b[39m=\u001b[32m\"M8 6V4c0-1 1-2 2-2h4c1 0 2 1 2 2v2\"\u001b[39m\n              \u001b[36m/>\u001b[39m\n              \u001b[36m<line\u001b[39m\n                \u001b[33mx1\u001b[39m=\u001b[32m\"10\"\u001b[39m\n                \u001b[33mx2\u001b[39m=\u001b[32m\"10\"\u001b[39m\n                \u001b[33my1\u001b[39m=\u001b[32m\"11\"\u001b[39m\n                \u001b[33my2\u001b[39m=\u001b[32m\"17\"\u001b[39m\n              \u001b[36m/>\u001b[39m\n              \u001b[36m<line\u001b[39m\n                \u001b[33mx1\u001b[39m=\u001b[32m\"14\"\u001b[39m\n                \u001b[33mx2\u001b[39m=\u001b[32m\"14\"\u001b[39m\n                \u001b[33my1\u001b[39m=\u001b[32m\"11\"\u001b[39m\n                \u001b[33my2\u001b[39m=\u001b[32m\"17\"\u001b[39m\n              \u001b[36m/>\u001b[39m\n            \u001b[36m</svg>\u001b[39m\n          \u001b[36m</button>\u001b[39m\n        \u001b[36m</div>\u001b[39m\n        \u001b[36m<div\u001b[39m\n          \u001b[33mclass\u001b[39m=\u001b[32m\"px-6 md:px-8 space-y-4\"\u001b[39m\n          \u001b[33mdata-slot\u001b[39m=\u001b[32m\"card-content\"\u001b[39m\n        \u001b[36m>\u001b[39m\n          \u001b[36m<div\u001b[39m\n            \u001b[33mclass\u001b[39m=\u001b[32m\"grid grid-cols-1 md:grid-cols-2 gap-4\"\u001b[39m\n          \u001b[36m>\u001b[39m\n            \u001b[36m<div>\u001b[39m\n              \u001b[36m<label\u001b[39m\n                \u001b[33mclass\u001b[39m=\u001b[32m\"flex items-center gap-2 text-sm leading-none font-medium select-none group-data-[disabled=true]:pointer-events-none group-data-[disabled=true]:opacity-50 peer-disabled:cursor-not-allowed peer-disabled:opacity-50\"\u001b[39m\n                \u001b[33mdata-slot\u001b[39m=\u001b[32m\"label\"\u001b[39m\n                \u001b[33mfor\u001b[39m=\u001b[32m\"company-0\"\u001b[39m\n              \u001b[36m>\u001b[39m\n                \u001b[0mCompany\u001b[0m\n                \u001b[0m *\u001b[0m\n              \u001b[36m</label>\u001b[39m\n              \u001b[36m<input\u001b[39m\n                \u001b[33maria-invalid\u001b[39m=\u001b[32m\"false\"\u001b[39m\n                \u001b[33mclass\u001b[39m=\u001b[32m\"file:text-foreground placeholder:text-muted-foreground selection:bg-primary selection:text-primary-foreground dark:bg-input/30 border-input flex h-14 w-full min-w-0 rounded-md border bg-transparent px-3 py-1 text-xl shadow-xs transition-[color,box-shadow] outline-none file:inline-flex file:h-7 file:border-0 file:bg-transparent file:text-sm file:font-medium disabled:pointer-events-none disabled:cursor-not-allowed disabled:opacity-50 focus-visible:border-ring focus-visible:ring-ring/50 focus-visible:ring-[3px] aria-invalid:ring-destructive/20 dark:aria-invalid:ring-destructive/40 aria-invalid:border-destructive\"\u001b[39m\n                \u001b[33mdata-slot\u001b[39m=\u001b[32m\"input\"\u001b[39m\n                \u001b[33mdata-testid\u001b[39m=\u001b[32m\"field-experience-0-company\"\u001b[39m\n                \u001b[33mid\u001b[39m=\u001b[32m\"company-0\"\u001b[39m\n                \u001b[33mname\u001b[39m=\u001b[32m\"experience.0.company\"\u001b[39m\n                \u001b[33mplaceholder\u001b[39m=\u001b[32m\"Tech Corp\"\u001b[39m\n              \u001b[36m/>\u001b[39m\n            \u001b[36m</div>\u001b[39m\n            \u001b[36m<div>\u001b[39m\n              \u001b[36m<label\u001b[39m\n                \u001b[33mclass\u001b[39m=\u001b[32m\"flex items-center gap-2 text-sm leading-none font-medium select-none group-data-[disabled=true]:pointer-events-none group-data-[disabled=true]:opacity-50 peer-disabled:cursor-not-allowed peer-disabled:opacity-50\"\u001b[39m\n                \u001b[33mdata-slot\u001b[39m=\u001b[32m\"label\"\u001b[39m\n                \u001b[33mfor\u001b[39m=\u001b[32m\"position-0\"\u001b[39m\n              \u001b[36m>\u001b[39m\n                \u001b[0mPosition\u001b[0m\n                \u001b[0m *\u001b[0m\n              \u001b[36m</label>\u001b[39m\n              \u001b[36m<input\u001b[39m\n                \u001b[33maria-invalid\u001b[39m=\u001b[32m\"false\"\u001b[39m\n                \u001b[33mclass\u001b[39m=\u001b[32m\"file:text-foreground placeholder:text-muted-foreground selection:bg-primary selection:text-primary-foreground dark:bg-input/30 border-input flex h-14 w-full min-w-0 rounded-md border bg-transparent px-3 py-1 text-xl shadow-xs transition-[color,box-shadow] outline-none file:inline-flex file:h-7 file:border-0 file:bg-transparent file:text-sm file:font-medium disabled:pointer-events-none disabled:cursor-not-allowed disabled:opacity-50 focus-visible:border-ring focus-visible:ring-ring/50 focus-visible:ring-[3px] aria-invalid:ring-destructive/20 dark:aria-invalid:ring-destructive/40 aria-invalid:border-destructive\"\u001b[39m\n                \u001b[33mdata-slot\u001b[39m=\u001b[32m\"input\"\u001b[39m\n                \u001b[33mdata-testid\u001b[39m=\u001b[32m\"field-experience-0-position\"\u001b[39m\n                \u001b[33mid\u001b[39m=\u001b[32m\"position-0\"\u001b[39m\n                \u001b[33mname\u001b[39m=\u001b[32m\"experience.0.position\"\u001b[39m\n                \u001b[33mplaceholder\u001b[39m=\u001b[32m\"Software Engineer\"\u001b[39m\n              \u001b[36m/>\u001b[39m\n            \u001b[36m</div>\u001b[39m\n          \u001b[36m</div>\u001b[39m\n          \u001b[36m<div\u001b[39m\n            \u001b[33mclass\u001b[39m=\u001b[32m\"grid grid-cols-1 md:grid-cols-2 gap-4\"\u001b[39m\n          \u001b[36m>\u001b[39m\n            \u001b[36m<div>\u001b[39m\n              \u001b[36m<label\u001b[39m\n      ...\n    at Object.getElementError (/Users/azizalmulla/Desktop/knet/node_modules/@testing-library/react/node_modules/@testing-library/dom/dist/config.js:37:19)\n    at /Users/azizalmulla/Desktop/knet/node_modules/@testing-library/react/node_modules/@testing-library/dom/dist/query-helpers.js:76:38\n    at /Users/azizalmulla/Desktop/knet/node_modules/@testing-library/react/node_modules/@testing-library/dom/dist/query-helpers.js:52:17\n    at /Users/azizalmulla/Desktop/knet/node_modules/@testing-library/react/node_modules/@testing-library/dom/dist/query-helpers.js:95:19\n    at Object.getByRole (/Users/azizalmulla/Desktop/knet/__tests__/components/cv-steps/experience-step.test.tsx:294:19)"],"fullName":"ExperienceStep shows loading state during bullet generation","invocations":1,"location":null,"numPassingAsserts":0,"retryReasons":[],"status":"failed","title":"shows loading state during bullet generation"}],"endTime":1757519961058,"message":"\u001b[1m\u001b[31m  \u001b[1m● \u001b[22m\u001b[1mExperienceStep › shows loading state during bullet generation\u001b[39m\u001b[22m\n\n    TestingLibraryElementError: Unable to find an accessible element with the role \"button\" and name `/generating.../i`\n\n    Here are the accessible roles:\n\n      button:\n\n      Name \"\":\n      \u001b[36m<button\u001b[39m\n        \u001b[33mclass\u001b[39m=\u001b[32m\"inline-flex items-center justify-center whitespace-nowrap text-sm font-semibold transition-colors focus-visible:outline-none focus-visible:ring-1 focus-visible:ring-ring disabled:pointer-events-none disabled:opacity-50 [&_svg]:pointer-events-none [&_svg]:size-4 [&_svg]:shrink-0 hover:bg-accent dark:hover:bg-accent/50 h-8 rounded-md gap-1.5 px-3 has-[>svg]:px-2.5 text-red-500 hover:text-red-700\"\u001b[39m\n        \u001b[33mdata-slot\u001b[39m=\u001b[32m\"button\"\u001b[39m\n        \u001b[33mtype\u001b[39m=\u001b[32m\"button\"\u001b[39m\n      \u001b[36m/>\u001b[39m\n\n      Name \"Generate ATS Bullets\":\n      \u001b[36m<button\u001b[39m\n        \u001b[33maria-label\u001b[39m=\u001b[32m\"Generate ATS Bullets\"\u001b[39m\n        \u001b[33mclass\u001b[39m=\u001b[32m\"inline-flex items-center justify-center whitespace-nowrap text-sm font-semibold transition-colors focus-visible:outline-none focus-visible:ring-1 focus-visible:ring-ring disabled:pointer-events-none disabled:opacity-50 [&_svg]:pointer-events-none [&_svg]:size-4 [&_svg]:shrink-0 border bg-background shadow-xs hover:bg-accent hover:text-accent-foreground dark:bg-input/30 dark:border-input dark:hover:bg-input/50 h-8 rounded-md gap-1.5 px-3 has-[>svg]:px-2.5 mt-2\"\u001b[39m\n        \u001b[33mdata-slot\u001b[39m=\u001b[32m\"button\"\u001b[39m\n        \u001b[33mtype\u001b[39m=\u001b[32m\"button\"\u001b[39m\n      \u001b[36m/>\u001b[39m\n\n      Name \"Add Experience\":\n      \u001b[36m<button\u001b[39m\n        \u001b[33mclass\u001b[39m=\u001b[32m\"inline-flex items-center justify-center gap-2 whitespace-nowrap rounded-md text-sm font-semibold transition-colors focus-visible:outline-none focus-visible:ring-1 focus-visible:ring-ring disabled:pointer-events-none disabled:opacity-50 [&_svg]:pointer-events-none [&_svg]:size-4 [&_svg]:shrink-0 border bg-background shadow-xs hover:bg-accent hover:text-accent-foreground dark:bg-input/30 dark:border-input dark:hover:bg-input/50 h-9 px-4 py-2 has-[>svg]:px-3 w-full\"\u001b[39m\n        \u001b[33mdata-slot\u001b[39m=\u001b[32m\"button\"\u001b[39m\n        \u001b[33mtype\u001b[39m=\u001b[32m\"button\"\u001b[39m\n      \u001b[36m/>\u001b[39m\n\n      --------------------------------------------------\n      textbox:\n\n      Name \"Company *\":\n      \u001b[36m<input\u001b[39m\n        \u001b[33maria-invalid\u001b[39m=\u001b[32m\"false\"\u001b[39m\n        \u001b[33mclass\u001b[39m=\u001b[32m\"file:text-foreground placeholder:text-muted-foreground selection:bg-primary selection:text-primary-foreground dark:bg-input/30 border-input flex h-14 w-full min-w-0 rounded-md border bg-transparent px-3 py-1 text-xl shadow-xs transition-[color,box-shadow] outline-none file:inline-flex file:h-7 file:border-0 file:bg-transparent file:text-sm file:font-medium disabled:pointer-events-none disabled:cursor-not-allowed disabled:opacity-50 focus-visible:border-ring focus-visible:ring-ring/50 focus-visible:ring-[3px] aria-invalid:ring-destructive/20 dark:aria-invalid:ring-destructive/40 aria-invalid:border-destructive\"\u001b[39m\n        \u001b[33mdata-slot\u001b[39m=\u001b[32m\"input\"\u001b[39m\n        \u001b[33mdata-testid\u001b[39m=\u001b[32m\"field-experience-0-company\"\u001b[39m\n        \u001b[33mid\u001b[39m=\u001b[32m\"company-0\"\u001b[39m\n        \u001b[33mname\u001b[39m=\u001b[32m\"experience.0.company\"\u001b[39m\n        \u001b[33mplaceholder\u001b[39m=\u001b[32m\"Tech Corp\"\u001b[39m\n      \u001b[36m/>\u001b[39m\n\n      Name \"Position *\":\n      \u001b[36m<input\u001b[39m\n        \u001b[33maria-invalid\u001b[39m=\u001b[32m\"false\"\u001b[39m\n        \u001b[33mclass\u001b[39m=\u001b[32m\"file:text-foreground placeholder:text-muted-foreground selection:bg-primary selection:text-primary-foreground dark:bg-input/30 border-input flex h-14 w-full min-w-0 rounded-md border bg-transparent px-3 py-1 text-xl shadow-xs transition-[color,box-shadow] outline-none file:inline-flex file:h-7 file:border-0 file:bg-transparent file:text-sm file:font-medium disabled:pointer-events-none disabled:cursor-not-allowed disabled:opacity-50 focus-visible:border-ring focus-visible:ring-ring/50 focus-visible:ring-[3px] aria-invalid:ring-destructive/20 dark:aria-invalid:ring-destructive/40 aria-invalid:border-destructive\"\u001b[39m\n        \u001b[33mdata-slot\u001b[39m=\u001b[32m\"input\"\u001b[39m\n        \u001b[33mdata-testid\u001b[39m=\u001b[32m\"field-experience-0-position\"\u001b[39m\n        \u001b[33mid\u001b[39m=\u001b[32m\"position-0\"\u001b[39m\n        \u001b[33mname\u001b[39m=\u001b[32m\"experience.0.position\"\u001b[39m\n        \u001b[33mplaceholder\u001b[39m=\u001b[32m\"Software Engineer\"\u001b[39m\n      \u001b[36m/>\u001b[39m\n\n      Name \"Start Date *\":\n      \u001b[36m<input\u001b[39m\n        \u001b[33maria-invalid\u001b[39m=\u001b[32m\"false\"\u001b[39m\n        \u001b[33mclass\u001b[39m=\u001b[32m\"file:text-foreground placeholder:text-muted-foreground selection:bg-primary selection:text-primary-foreground dark:bg-input/30 border-input flex h-14 w-full min-w-0 rounded-md border bg-transparent px-3 py-1 text-xl shadow-xs transition-[color,box-shadow] outline-none file:inline-flex file:h-7 file:border-0 file:bg-transparent file:text-sm file:font-medium disabled:pointer-events-none disabled:cursor-not-allowed disabled:opacity-50 focus-visible:border-ring focus-visible:ring-ring/50 focus-visible:ring-[3px] aria-invalid:ring-destructive/20 dark:aria-invalid:ring-destructive/40 aria-invalid:border-destructive\"\u001b[39m\n        \u001b[33mdata-slot\u001b[39m=\u001b[32m\"input\"\u001b[39m\n        \u001b[33mdata-testid\u001b[39m=\u001b[32m\"field-experience-0-startDate\"\u001b[39m\n        \u001b[33mid\u001b[39m=\u001b[32m\"startDate-0\"\u001b[39m\n        \u001b[33mname\u001b[39m=\u001b[32m\"experience.0.startDate\"\u001b[39m\n        \u001b[33mplaceholder\u001b[39m=\u001b[32m\"2020-01\"\u001b[39m\n      \u001b[36m/>\u001b[39m\n\n      Name \"End Date\":\n      \u001b[36m<input\u001b[39m\n        \u001b[33maria-invalid\u001b[39m=\u001b[32m\"false\"\u001b[39m\n        \u001b[33mclass\u001b[39m=\u001b[32m\"file:text-foreground placeholder:text-muted-foreground selection:bg-primary selection:text-primary-foreground dark:bg-input/30 border-input flex h-14 w-full min-w-0 rounded-md border bg-transparent px-3 py-1 text-xl shadow-xs transition-[color,box-shadow] outline-none file:inline-flex file:h-7 file:border-0 file:bg-transparent file:text-sm file:font-medium disabled:pointer-events-none disabled:cursor-not-allowed disabled:opacity-50 focus-visible:border-ring focus-visible:ring-ring/50 focus-visible:ring-[3px] aria-invalid:ring-destructive/20 dark:aria-invalid:ring-destructive/40 aria-invalid:border-destructive\"\u001b[39m\n        \u001b[33mdata-slot\u001b[39m=\u001b[32m\"input\"\u001b[39m\n        \u001b[33mdata-testid\u001b[39m=\u001b[32m\"field-experience-0-endDate\"\u001b[39m\n        \u001b[33mid\u001b[39m=\u001b[32m\"endDate-0\"\u001b[39m\n        \u001b[33mname\u001b[39m=\u001b[32m\"experience.0.endDate\"\u001b[39m\n        \u001b[33mplaceholder\u001b[39m=\u001b[32m\"2023-12 or Present\"\u001b[39m\n      \u001b[36m/>\u001b[39m\n\n      Name \"Raw Description\":\n      \u001b[36m<textarea\u001b[39m\n        \u001b[33mclass\u001b[39m=\u001b[32m\"flex min-h-[120px] max-h-[240px] w-full rounded-md border border-input bg-background px-3 py-2 text-xl placeholder:text-muted-foreground focus-visible:outline-none disabled:cursor-not-allowed disabled:opacity-50 focus-visible:border-ring focus-visible:ring-ring/50 focus-visible:ring-[3px] aria-invalid:ring-destructive/20 dark:aria-invalid:ring-destructive/40 aria-invalid:border-destructive\"\u001b[39m\n        \u001b[33mdata-testid\u001b[39m=\u001b[32m\"field-experience-0-description\"\u001b[39m\n        \u001b[33mid\u001b[39m=\u001b[32m\"description-0\"\u001b[39m\n        \u001b[33mname\u001b[39m=\u001b[32m\"experience.0.description\"\u001b[39m\n        \u001b[33mplaceholder\u001b[39m=\u001b[32m\"What did you do and why it mattered? e.g., Built React components, worked with designers, reduced page load by ~30%.\"\u001b[39m\n        \u001b[33mrows\u001b[39m=\u001b[32m\"3\"\u001b[39m\n      \u001b[36m/>\u001b[39m\n\n      --------------------------------------------------\n      checkbox:\n\n      Name \"Currently working here\":\n      \u001b[36m<input\u001b[39m\n        \u001b[33mclass\u001b[39m=\u001b[32m\"mr-2\"\u001b[39m\n        \u001b[33mdata-testid\u001b[39m=\u001b[32m\"field-experience-0-current\"\u001b[39m\n        \u001b[33mid\u001b[39m=\u001b[32m\"current-0\"\u001b[39m\n        \u001b[33mname\u001b[39m=\u001b[32m\"experience.0.current\"\u001b[39m\n        \u001b[33mtype\u001b[39m=\u001b[32m\"checkbox\"\u001b[39m\n      \u001b[36m/>\u001b[39m\n\n      --------------------------------------------------\n\n    Ignored nodes: comments, script, style\n    \u001b[36m<body>\u001b[39m\n      \u001b[36m<div>\u001b[39m\n        \u001b[36m<div\u001b[39m\n          \u001b[33mclass\u001b[39m=\u001b[32m\"space-y-6\"\u001b[39m\n        \u001b[36m>\u001b[39m\n          \u001b[36m<div\u001b[39m\n            \u001b[33mclass\u001b[39m=\u001b[32m\"text-card-foreground flex flex-col gap-6 rounded-3xl border border-white/10 hover:border-white/20 bg-card/80 supports-[backdrop-filter]:bg-card/70 backdrop-blur shadow-lg shadow-black/50 transition-all duration-300 py-6 md:py-8 relative\"\u001b[39m\n            \u001b[33mdata-slot\u001b[39m=\u001b[32m\"card\"\u001b[39m\n          \u001b[36m>\u001b[39m\n            \u001b[36m<div\u001b[39m\n              \u001b[33mclass\u001b[39m=\u001b[32m\"@container/card-header auto-rows-min grid-rows-[auto_auto] gap-1.5 px-6 md:px-8 has-data-[slot=card-action]:grid-cols-[1fr_auto] [.border-b]:pb-6 flex flex-row items-center justify-between space-y-0 pb-4\"\u001b[39m\n              \u001b[33mdata-slot\u001b[39m=\u001b[32m\"card-header\"\u001b[39m\n            \u001b[36m>\u001b[39m\n              \u001b[36m<div\u001b[39m\n                \u001b[33mclass\u001b[39m=\u001b[32m\"font-semibold text-lg\"\u001b[39m\n                \u001b[33mdata-slot\u001b[39m=\u001b[32m\"card-title\"\u001b[39m\n              \u001b[36m>\u001b[39m\n                \u001b[0mExperience\u001b[0m\n                \u001b[0m \u001b[0m\n                \u001b[0m1\u001b[0m\n              \u001b[36m</div>\u001b[39m\n              \u001b[36m<button\u001b[39m\n                \u001b[33mclass\u001b[39m=\u001b[32m\"inline-flex items-center justify-center whitespace-nowrap text-sm font-semibold transition-colors focus-visible:outline-none focus-visible:ring-1 focus-visible:ring-ring disabled:pointer-events-none disabled:opacity-50 [&_svg]:pointer-events-none [&_svg]:size-4 [&_svg]:shrink-0 hover:bg-accent dark:hover:bg-accent/50 h-8 rounded-md gap-1.5 px-3 has-[>svg]:px-2.5 text-red-500 hover:text-red-700\"\u001b[39m\n                \u001b[33mdata-slot\u001b[39m=\u001b[32m\"button\"\u001b[39m\n                \u001b[33mtype\u001b[39m=\u001b[32m\"button\"\u001b[39m\n              \u001b[36m>\u001b[39m\n                \u001b[36m<svg\u001b[39m\n                  \u001b[33mclass\u001b[39m=\u001b[32m\"lucide lucide-trash2 h-4 w-4\"\u001b[39m\n                  \u001b[33mfill\u001b[39m=\u001b[32m\"none\"\u001b[39m\n                  \u001b[33mheight\u001b[39m=\u001b[32m\"24\"\u001b[39m\n                  \u001b[33mstroke\u001b[39m=\u001b[32m\"currentColor\"\u001b[39m\n                  \u001b[33mstroke-linecap\u001b[39m=\u001b[32m\"round\"\u001b[39m\n                  \u001b[33mstroke-linejoin\u001b[39m=\u001b[32m\"round\"\u001b[39m\n                  \u001b[33mstroke-width\u001b[39m=\u001b[32m\"2\"\u001b[39m\n                  \u001b[33mviewBox\u001b[39m=\u001b[32m\"0 0 24 24\"\u001b[39m\n                  \u001b[33mwidth\u001b[39m=\u001b[32m\"24\"\u001b[39m\n                  \u001b[33mxmlns\u001b[39m=\u001b[32m\"http://www.w3.org/2000/svg\"\u001b[39m\n                \u001b[36m>\u001b[39m\n                  \u001b[36m<path\u001b[39m\n                    \u001b[33md\u001b[39m=\u001b[32m\"M3 6h18\"\u001b[39m\n                  \u001b[36m/>\u001b[39m\n                  \u001b[36m<path\u001b[39m\n                    \u001b[33md\u001b[39m=\u001b[32m\"M19 6v14c0 1-1 2-2 2H7c-1 0-2-1-2-2V6\"\u001b[39m\n                  \u001b[36m/>\u001b[39m\n                  \u001b[36m<path\u001b[39m\n                    \u001b[33md\u001b[39m=\u001b[32m\"M8 6V4c0-1 1-2 2-2h4c1 0 2 1 2 2v2\"\u001b[39m\n                  \u001b[36m/>\u001b[39m\n                  \u001b[36m<line\u001b[39m\n                    \u001b[33mx1\u001b[39m=\u001b[32m\"10\"\u001b[39m\n                    \u001b[33mx2\u001b[39m=\u001b[32m\"10\"\u001b[39m\n                    \u001b[33my1\u001b[39m=\u001b[32m\"11\"\u001b[39m\n                    \u001b[33my2\u001b[39m=\u001b[32m\"17\"\u001b[39m\n                  \u001b[36m/>\u001b[39m\n                  \u001b[36m<line\u001b[39m\n                    \u001b[33mx1\u001b[39m=\u001b[32m\"14\"\u001b[39m\n                    \u001b[33mx2\u001b[39m=\u001b[32m\"14\"\u001b[39m\n                    \u001b[33my1\u001b[39m=\u001b[32m\"11\"\u001b[39m\n                    \u001b[33my2\u001b[39m=\u001b[32m\"17\"\u001b[39m\n                  \u001b[36m/>\u001b[39m\n                \u001b[36m</svg>\u001b[39m\n              \u001b[36m</button>\u001b[39m\n            \u001b[36m</div>\u001b[39m\n            \u001b[36m<div\u001b[39m\n              \u001b[33mclass\u001b[39m=\u001b[32m\"px-6 md:px-8 space-y-4\"\u001b[39m\n              \u001b[33mdata-slot\u001b[39m=\u001b[32m\"card-content\"\u001b[39m\n            \u001b[36m>\u001b[39m\n              \u001b[36m<div\u001b[39m\n                \u001b[33mclass\u001b[39m=\u001b[32m\"grid grid-cols-1 md:grid-cols-2 gap-4\"\u001b[39m\n              \u001b[36m>\u001b[39m\n                \u001b[36m<div>\u001b[39m\n                  \u001b[36m<label\u001b[39m\n                    \u001b[33mclass\u001b[39m=\u001b[32m\"flex items-center gap-2 text-sm leading-none font-medium select-none group-data-[disabled=true]:pointer-events-none group-data-[disabled=true]:opacity-50 peer-disabled:cursor-not-allowed peer-disabled:opacity-50\"\u001b[39m\n                    \u001b[33mdata-slot\u001b[39m=\u001b[32m\"label\"\u001b[39m\n                    \u001b[33mfor\u001b[39m=\u001b[32m\"company-0\"\u001b[39m\n                  \u001b[36m>\u001b[39m\n                    \u001b[0mCompany\u001b[0m\n                    \u001b[0m *\u001b[0m\n                  \u001b[36m</label>\u001b[39m\n                  \u001b[36m<input\u001b[39m\n                    \u001b[33maria-invalid\u001b[39m=\u001b[32m\"false\"\u001b[39m\n                    \u001b[33mclass\u001b[39m=\u001b[32m\"file:text-foreground placeholder:text-muted-foreground selection:bg-primary selection:text-primary-foreground dark:bg-input/30 border-input flex h-14 w-full min-w-0 rounded-md border bg-transparent px-3 py-1 text-xl shadow-xs transition-[color,box-shadow] outline-none file:inline-flex file:h-7 file:border-0 file:bg-transparent file:text-sm file:font-medium disabled:pointer-events-none disabled:cursor-not-allowed disabled:opacity-50 focus-visible:border-ring focus-visible:ring-ring/50 focus-visible:ring-[3px] aria-invalid:ring-destructive/20 dark:aria-invalid:ring-destructive/40 aria-invalid:border-destructive\"\u001b[39m\n                    \u001b[33mdata-slot\u001b[39m=\u001b[32m\"input\"\u001b[39m\n                    \u001b[33mdata-testid\u001b[39m=\u001b[32m\"field-experience-0-company\"\u001b[39m\n                    \u001b[33mid\u001b[39m=\u001b[32m\"company-0\"\u001b[39m\n                    \u001b[33mname\u001b[39m=\u001b[32m\"experience.0.company\"\u001b[39m\n                    \u001b[33mplaceholder\u001b[39m=\u001b[32m\"Tech Corp\"\u001b[39m\n                  \u001b[36m/>\u001b[39m\n                \u001b[36m</div>\u001b[39m\n                \u001b[36m<div>\u001b[39m\n                  \u001b[36m<label\u001b[39m\n                    \u001b[33mclass\u001b[39m=\u001b[32m\"flex items-center gap-2 text-sm leading-none font-medium select-none group-data-[disabled=true]:pointer-events-none group-data-[disabled=true]:opacity-50 peer-disabled:cursor-not-allowed peer-disabled:opacity-50\"\u001b[39m\n                    \u001b[33mdata-slot\u001b[39m=\u001b[32m\"label\"\u001b[39m\n                    \u001b[33mfor\u001b[39m=\u001b[32m\"position-0\"\u001b[39m\n                  \u001b[36m>\u001b[39m\n                    \u001b[0mPosition\u001b[0m\n                    \u001b[0m *\u001b[0m\n                  \u001b[36m</label>\u001b[39m\n                  \u001b[36m<input\u001b[39m\n                    \u001b[33maria-invalid\u001b[39m=\u001b[32m\"false\"\u001b[39m\n                    \u001b[33mclass\u001b[39m=\u001b[32m\"file:text-foreground placeholder:text-muted-foreground selection:bg-primary selection:text-primary-foreground dark:bg-input/30 border-input flex h-14 w-full min-w-0 rounded-md border bg-transparent px-3 py-1 text-xl shadow-xs transition-[color,box-shadow] outline-none file:inline-flex file:h-7 file:border-0 file:bg-transparent file:text-sm file:font-medium disabled:pointer-events-none disabled:cursor-not-allowed disabled:opacity-50 focus-visible:border-ring focus-visible:ring-ring/50 focus-visible:ring-[3px] aria-invalid:ring-destructive/20 dark:aria-invalid:ring-destructive/40 aria-invalid:border-destructive\"\u001b[39m\n                    \u001b[33mdata-slot\u001b[39m=\u001b[32m\"input\"\u001b[39m\n                    \u001b[33mdata-testid\u001b[39m=\u001b[32m\"field-experience-0-position\"\u001b[39m\n                    \u001b[33mid\u001b[39m=\u001b[32m\"position-0\"\u001b[39m\n                    \u001b[33mname\u001b[39m=\u001b[32m\"experience.0.position\"\u001b[39m\n                    \u001b[33mplaceholder\u001b[39m=\u001b[32m\"Software Engineer\"\u001b[39m\n                  \u001b[36m/>\u001b[39m\n                \u001b[36m</div>\u001b[39m\n              \u001b[36m</div>\u001b[39m\n              \u001b[36m<div\u001b[39m\n                \u001b[33mclass\u001b[39m=\u001b[32m\"grid grid-cols-1 md:grid-cols-2 gap-4\"\u001b[39m\n              \u001b[36m>\u001b[39m\n                \u001b[36m<div>\u001b[39m\n                  \u001b[36m<label\u001b[39m\n          ...\n\u001b[2m\u001b[22m\n\u001b[2m    \u001b[0m \u001b[90m 292 |\u001b[39m     \u001b[22m\n\u001b[2m     \u001b[90m 293 |\u001b[39m     \u001b[90m// Should show loading state\u001b[39m\u001b[22m\n\u001b[2m    \u001b[31m\u001b[1m>\u001b[22m\u001b[2m\u001b[39m\u001b[90m 294 |\u001b[39m     expect(screen\u001b[33m.\u001b[39mgetByRole(\u001b[32m'button'\u001b[39m\u001b[33m,\u001b[39m { name\u001b[33m:\u001b[39m \u001b[35m/generating.../i\u001b[39m }))\u001b[33m.\u001b[39mtoBeInTheDocument()\u001b[22m\n\u001b[2m     \u001b[90m     |\u001b[39m                   \u001b[31m\u001b[1m^\u001b[22m\u001b[2m\u001b[39m\u001b[22m\n\u001b[2m     \u001b[90m 295 |\u001b[39m     \u001b[22m\n\u001b[2m     \u001b[90m 296 |\u001b[39m     \u001b[90m// Wait for completion\u001b[39m\u001b[22m\n\u001b[2m     \u001b[90m 297 |\u001b[39m     \u001b[36mawait\u001b[39m waitFor(() \u001b[33m=>\u001b[39m {\u001b[0m\u001b[22m\n\u001b[2m\u001b[22m\n\u001b[2m      \u001b[2mat Object.getElementError (\u001b[22m\u001b[2mnode_modules/@testing-library/react/node_modules/@testing-library/dom/dist/config.js\u001b[2m:37:19)\u001b[22m\u001b[2m\u001b[22m\n\u001b[2m      \u001b[2mat \u001b[22m\u001b[2mnode_modules/@testing-library/react/node_modules/@testing-library/dom/dist/query-helpers.js\u001b[2m:76:38\u001b[22m\u001b[2m\u001b[22m\n\u001b[2m      \u001b[2mat \u001b[22m\u001b[2mnode_modules/@testing-library/react/node_modules/@testing-library/dom/dist/query-helpers.js\u001b[2m:52:17\u001b[22m\u001b[2m\u001b[22m\n\u001b[2m      \u001b[2mat \u001b[22m\u001b[2mnode_modules/@testing-library/react/node_modules/@testing-library/dom/dist/query-helpers.js\u001b[2m:95:19\u001b[22m\u001b[2m\u001b[22m\n\u001b[2m      \u001b[2mat Object.getByRole (\u001b[22m\u001b[2m\u001b[0m\u001b[36m__tests__/components/cv-steps/experience-step.test.tsx\u001b[39m\u001b[0m\u001b[2m:294:19)\u001b[22m\u001b[2m\u001b[22m\n","name":"/Users/azizalmulla/Desktop/knet/__tests__/components/cv-steps/experience-step.test.tsx","startTime":1757519959882,"status":"failed","summary":""},{"assertionResults":[{"ancestorTitles":["Test Utils"],"duration":0,"failureDetails":[],"failureMessages":[],"fullName":"Test Utils should export utilities","invocations":1,"location":null,"numPassingAsserts":1,"retryReasons":[],"status":"passed","title":"should export utilities"},{"ancestorTitles":["SkillsStep"],"duration":22,"failureDetails":[],"failureMessages":[],"fullName":"SkillsStep renders all skill categories","invocations":1,"location":null,"numPassingAsserts":7,"retryReasons":[],"status":"passed","title":"renders all skill categories"},{"ancestorTitles":["SkillsStep"],"duration":61,"failureDetails":[],"failureMessages":[],"fullName":"SkillsStep adds technical skills when Add button is clicked","invocations":1,"location":null,"numPassingAsserts":2,"retryReasons":[],"status":"passed","title":"adds technical skills when Add button is clicked"},{"ancestorTitles":["SkillsStep"],"duration":76,"failureDetails":[],"failureMessages":[],"fullName":"SkillsStep adds skills using Enter key","invocations":1,"location":null,"numPassingAsserts":2,"retryReasons":[],"status":"passed","title":"adds skills using Enter key"},{"ancestorTitles":["SkillsStep"],"duration":130,"failureDetails":[],"failureMessages":[],"fullName":"SkillsStep adds multiple skills to same category","invocations":1,"location":null,"numPassingAsserts":3,"retryReasons":[],"status":"passed","title":"adds multiple skills to same category"},{"ancestorTitles":["SkillsStep"],"duration":95,"failureDetails":[{"matcherResult":{"pass":true,"message":"\u001b[2mexpect(\u001b[22m\u001b[31melement\u001b[39m\u001b[2m).not.toBeInTheDocument()\u001b[22m\n\n\u001b[31mexpected document not to contain element, found <button class=\"px-2 py-1 text-xs rounded-full bg-blue-50 text-blue-700 hover:bg-blue-100 border border-blue-200\" data-testid=\"suggest-technical-JavaScript\" type=\"button\">JavaScript</button> instead\u001b[39m"}}],"failureMessages":["Error: \u001b[2mexpect(\u001b[22m\u001b[31melement\u001b[39m\u001b[2m).not.toBeInTheDocument()\u001b[22m\n\n\u001b[31mexpected document not to contain element, found <button class=\"px-2 py-1 text-xs rounded-full bg-blue-50 text-blue-700 hover:bg-blue-100 border border-blue-200\" data-testid=\"suggest-technical-JavaScript\" type=\"button\">JavaScript</button> instead\u001b[39m\n    at Object.toBeInTheDocument (/Users/azizalmulla/Desktop/knet/__tests__/components/cv-steps/skills-step.test.tsx:105:50)"],"fullName":"SkillsStep removes skills when X button is clicked","invocations":1,"location":null,"numPassingAsserts":2,"retryReasons":[],"status":"failed","title":"removes skills when X button is clicked"},{"ancestorTitles":["SkillsStep"],"duration":24,"failureDetails":[],"failureMessages":[],"fullName":"SkillsStep does not add empty skills","invocations":1,"location":null,"numPassingAsserts":1,"retryReasons":[],"status":"passed","title":"does not add empty skills"},{"ancestorTitles":["SkillsStep"],"duration":50,"failureDetails":[],"failureMessages":[],"fullName":"SkillsStep trims whitespace from skills","invocations":1,"location":null,"numPassingAsserts":2,"retryReasons":[],"status":"passed","title":"trims whitespace from skills"},{"ancestorTitles":["SkillsStep"],"duration":117,"failureDetails":[{"matcherResult":{"pass":true,"message":"\u001b[2mexpect(\u001b[22m\u001b[31melement\u001b[39m\u001b[2m).not.toBeInTheDocument()\u001b[22m\n\n\u001b[31mexpected document not to contain element, found <button class=\"px-2 py-1 text-xs rounded-full bg-blue-50 text-blue-700 hover:bg-blue-100 border border-blue-200\" data-testid=\"suggest-technical-React\" type=\"button\">React</button> instead\u001b[39m"}}],"failureMessages":["Error: \u001b[2mexpect(\u001b[22m\u001b[31melement\u001b[39m\u001b[2m).not.toBeInTheDocument()\u001b[22m\n\n\u001b[31mexpected document not to contain element, found <button class=\"px-2 py-1 text-xs rounded-full bg-blue-50 text-blue-700 hover:bg-blue-100 border border-blue-200\" data-testid=\"suggest-technical-React\" type=\"button\">React</button> instead\u001b[39m\n    at Object.toBeInTheDocument (/Users/azizalmulla/Desktop/knet/__tests__/components/cv-steps/skills-step.test.tsx:169:45)"],"fullName":"SkillsStep manages skills independently across categories","invocations":1,"location":null,"numPassingAsserts":3,"retryReasons":[],"status":"failed","title":"manages skills independently across categories"},{"ancestorTitles":["SkillsStep"],"duration":99,"failureDetails":[],"failureMessages":[],"fullName":"SkillsStep preserves skills when switching between categories","invocations":1,"location":null,"numPassingAsserts":3,"retryReasons":[],"status":"passed","title":"preserves skills when switching between categories"},{"ancestorTitles":["SkillsStep"],"duration":84,"failureDetails":[],"failureMessages":[],"fullName":"SkillsStep input fields maintain separate state","invocations":1,"location":null,"numPassingAsserts":6,"retryReasons":[],"status":"passed","title":"input fields maintain separate state"},{"ancestorTitles":["SkillsStep"],"duration":4,"failureDetails":[],"failureMessages":[],"fullName":"SkillsStep handles form context correctly","invocations":1,"location":null,"numPassingAsserts":5,"retryReasons":[],"status":"passed","title":"handles form context correctly"}],"endTime":1757519961891,"message":"\u001b[1m\u001b[31m  \u001b[1m● \u001b[22m\u001b[1mSkillsStep › removes skills when X button is clicked\u001b[39m\u001b[22m\n\n    \u001b[2mexpect(\u001b[22m\u001b[31melement\u001b[39m\u001b[2m).not.toBeInTheDocument()\u001b[22m\n\n    \u001b[31mexpected document not to contain element, found <button class=\"px-2 py-1 text-xs rounded-full bg-blue-50 text-blue-700 hover:bg-blue-100 border border-blue-200\" data-testid=\"suggest-technical-JavaScript\" type=\"button\">JavaScript</button> instead\u001b[39m\n\u001b[2m\u001b[22m\n\u001b[2m    \u001b[0m \u001b[90m 103 |\u001b[39m     \u001b[22m\n\u001b[2m     \u001b[90m 104 |\u001b[39m     \u001b[90m// JavaScript should be removed, Python should remain\u001b[39m\u001b[22m\n\u001b[2m    \u001b[31m\u001b[1m>\u001b[22m\u001b[2m\u001b[39m\u001b[90m 105 |\u001b[39m     expect(screen\u001b[33m.\u001b[39mqueryByText(\u001b[32m'JavaScript'\u001b[39m))\u001b[33m.\u001b[39mnot\u001b[33m.\u001b[39mtoBeInTheDocument()\u001b[22m\n\u001b[2m     \u001b[90m     |\u001b[39m                                                  \u001b[31m\u001b[1m^\u001b[22m\u001b[2m\u001b[39m\u001b[22m\n\u001b[2m     \u001b[90m 106 |\u001b[39m     expect(screen\u001b[33m.\u001b[39mgetByText(\u001b[32m'Python'\u001b[39m))\u001b[33m.\u001b[39mtoBeInTheDocument()\u001b[22m\n\u001b[2m     \u001b[90m 107 |\u001b[39m   })\u001b[22m\n\u001b[2m     \u001b[90m 108 |\u001b[39m\u001b[0m\u001b[22m\n\u001b[2m\u001b[22m\n\u001b[2m      \u001b[2mat Object.toBeInTheDocument (\u001b[22m\u001b[2m\u001b[0m\u001b[36m__tests__/components/cv-steps/skills-step.test.tsx\u001b[39m\u001b[0m\u001b[2m:105:50)\u001b[22m\u001b[2m\u001b[22m\n\n\u001b[1m\u001b[31m  \u001b[1m● \u001b[22m\u001b[1mSkillsStep › manages skills independently across categories\u001b[39m\u001b[22m\n\n    \u001b[2mexpect(\u001b[22m\u001b[31melement\u001b[39m\u001b[2m).not.toBeInTheDocument()\u001b[22m\n\n    \u001b[31mexpected document not to contain element, found <button class=\"px-2 py-1 text-xs rounded-full bg-blue-50 text-blue-700 hover:bg-blue-100 border border-blue-200\" data-testid=\"suggest-technical-React\" type=\"button\">React</button> instead\u001b[39m\n\u001b[2m\u001b[22m\n\u001b[2m    \u001b[0m \u001b[90m 167 |\u001b[39m     \u001b[22m\n\u001b[2m     \u001b[90m 168 |\u001b[39m     \u001b[90m// Only React should be removed\u001b[39m\u001b[22m\n\u001b[2m    \u001b[31m\u001b[1m>\u001b[22m\u001b[2m\u001b[39m\u001b[90m 169 |\u001b[39m     expect(screen\u001b[33m.\u001b[39mqueryByText(\u001b[32m'React'\u001b[39m))\u001b[33m.\u001b[39mnot\u001b[33m.\u001b[39mtoBeInTheDocument()\u001b[22m\n\u001b[2m     \u001b[90m     |\u001b[39m                                             \u001b[31m\u001b[1m^\u001b[22m\u001b[2m\u001b[39m\u001b[22m\n\u001b[2m     \u001b[90m 170 |\u001b[39m     expect(screen\u001b[33m.\u001b[39mgetByText(\u001b[32m'Arabic'\u001b[39m))\u001b[33m.\u001b[39mtoBeInTheDocument()\u001b[22m\n\u001b[2m     \u001b[90m 171 |\u001b[39m     expect(screen\u001b[33m.\u001b[39mgetByText(\u001b[32m'Teamwork'\u001b[39m))\u001b[33m.\u001b[39mtoBeInTheDocument()\u001b[22m\n\u001b[2m     \u001b[90m 172 |\u001b[39m   })\u001b[0m\u001b[22m\n\u001b[2m\u001b[22m\n\u001b[2m      \u001b[2mat Object.toBeInTheDocument (\u001b[22m\u001b[2m\u001b[0m\u001b[36m__tests__/components/cv-steps/skills-step.test.tsx\u001b[39m\u001b[0m\u001b[2m:169:45)\u001b[22m\u001b[2m\u001b[22m\n","name":"/Users/azizalmulla/Desktop/knet/__tests__/components/cv-steps/skills-step.test.tsx","startTime":1757519961069,"status":"failed","summary":""},{"assertionResults":[{"ancestorTitles":["Test Utils"],"duration":1,"failureDetails":[],"failureMessages":[],"fullName":"Test Utils should export utilities","invocations":1,"location":null,"numPassingAsserts":1,"retryReasons":[],"status":"passed","title":"should export utilities"},{"ancestorTitles":["EducationStep"],"duration":10,"failureDetails":[{"name":"TestingLibraryElementError"}],"failureMessages":["TestingLibraryElementError: Unable to find a label with the text of: /description/i\n\nIgnored nodes: comments, script, style\n\u001b[36m<body>\u001b[39m\n  \u001b[36m<div>\u001b[39m\n    \u001b[36m<div\u001b[39m\n      \u001b[33mclass\u001b[39m=\u001b[32m\"space-y-6\"\u001b[39m\n    \u001b[36m>\u001b[39m\n      \u001b[36m<div\u001b[39m\n        \u001b[33mclass\u001b[39m=\u001b[32m\"text-card-foreground flex flex-col gap-6 rounded-3xl border border-white/10 hover:border-white/20 bg-card/80 supports-[backdrop-filter]:bg-card/70 backdrop-blur shadow-lg shadow-black/50 transition-all duration-300 py-6 md:py-8 relative\"\u001b[39m\n        \u001b[33mdata-slot\u001b[39m=\u001b[32m\"card\"\u001b[39m\n      \u001b[36m>\u001b[39m\n        \u001b[36m<div\u001b[39m\n          \u001b[33mclass\u001b[39m=\u001b[32m\"@container/card-header auto-rows-min grid-rows-[auto_auto] gap-1.5 px-6 md:px-8 has-data-[slot=card-action]:grid-cols-[1fr_auto] [.border-b]:pb-6 flex flex-row items-center justify-between space-y-0 pb-4\"\u001b[39m\n          \u001b[33mdata-slot\u001b[39m=\u001b[32m\"card-header\"\u001b[39m\n        \u001b[36m>\u001b[39m\n          \u001b[36m<div\u001b[39m\n            \u001b[33mclass\u001b[39m=\u001b[32m\"font-semibold text-lg\"\u001b[39m\n            \u001b[33mdata-slot\u001b[39m=\u001b[32m\"card-title\"\u001b[39m\n          \u001b[36m>\u001b[39m\n            \u001b[0mEducation\u001b[0m\n            \u001b[0m \u001b[0m\n            \u001b[0m1\u001b[0m\n          \u001b[36m</div>\u001b[39m\n        \u001b[36m</div>\u001b[39m\n        \u001b[36m<div\u001b[39m\n          \u001b[33mclass\u001b[39m=\u001b[32m\"px-6 md:px-8 space-y-4\"\u001b[39m\n          \u001b[33mdata-slot\u001b[39m=\u001b[32m\"card-content\"\u001b[39m\n        \u001b[36m>\u001b[39m\n          \u001b[36m<div\u001b[39m\n            \u001b[33mclass\u001b[39m=\u001b[32m\"grid grid-cols-1 md:grid-cols-2 gap-4\"\u001b[39m\n          \u001b[36m>\u001b[39m\n            \u001b[36m<div>\u001b[39m\n              \u001b[36m<label\u001b[39m\n                \u001b[33mclass\u001b[39m=\u001b[32m\"flex items-center gap-2 text-sm leading-none font-medium select-none group-data-[disabled=true]:pointer-events-none group-data-[disabled=true]:opacity-50 peer-disabled:cursor-not-allowed peer-disabled:opacity-50\"\u001b[39m\n                \u001b[33mdata-slot\u001b[39m=\u001b[32m\"label\"\u001b[39m\n                \u001b[33mfor\u001b[39m=\u001b[32m\"institution-0\"\u001b[39m\n              \u001b[36m>\u001b[39m\n                \u001b[0mInstitution\u001b[0m\n                \u001b[0m *\u001b[0m\n              \u001b[36m</label>\u001b[39m\n              \u001b[36m<input\u001b[39m\n                \u001b[33maria-invalid\u001b[39m=\u001b[32m\"false\"\u001b[39m\n                \u001b[33mclass\u001b[39m=\u001b[32m\"file:text-foreground placeholder:text-muted-foreground selection:bg-primary selection:text-primary-foreground dark:bg-input/30 border-input flex h-14 w-full min-w-0 rounded-md border bg-transparent px-3 py-1 text-xl shadow-xs transition-[color,box-shadow] outline-none file:inline-flex file:h-7 file:border-0 file:bg-transparent file:text-sm file:font-medium disabled:pointer-events-none disabled:cursor-not-allowed disabled:opacity-50 focus-visible:border-ring focus-visible:ring-ring/50 focus-visible:ring-[3px] aria-invalid:ring-destructive/20 dark:aria-invalid:ring-destructive/40 aria-invalid:border-destructive\"\u001b[39m\n                \u001b[33mdata-slot\u001b[39m=\u001b[32m\"input\"\u001b[39m\n                \u001b[33mdata-testid\u001b[39m=\u001b[32m\"field-education-0-institution\"\u001b[39m\n                \u001b[33mid\u001b[39m=\u001b[32m\"institution-0\"\u001b[39m\n                \u001b[33mname\u001b[39m=\u001b[32m\"education.0.institution\"\u001b[39m\n                \u001b[33mplaceholder\u001b[39m=\u001b[32m\"GUST\"\u001b[39m\n              \u001b[36m/>\u001b[39m\n            \u001b[36m</div>\u001b[39m\n            \u001b[36m<div>\u001b[39m\n              \u001b[36m<label\u001b[39m\n                \u001b[33mclass\u001b[39m=\u001b[32m\"flex items-center gap-2 text-sm leading-none font-medium select-none group-data-[disabled=true]:pointer-events-none group-data-[disabled=true]:opacity-50 peer-disabled:cursor-not-allowed peer-disabled:opacity-50\"\u001b[39m\n                \u001b[33mdata-slot\u001b[39m=\u001b[32m\"label\"\u001b[39m\n                \u001b[33mfor\u001b[39m=\u001b[32m\"degree-0\"\u001b[39m\n              \u001b[36m>\u001b[39m\n                \u001b[0mDegree\u001b[0m\n                \u001b[0m *\u001b[0m\n              \u001b[36m</label>\u001b[39m\n              \u001b[36m<input\u001b[39m\n                \u001b[33maria-invalid\u001b[39m=\u001b[32m\"false\"\u001b[39m\n                \u001b[33mclass\u001b[39m=\u001b[32m\"file:text-foreground placeholder:text-muted-foreground selection:bg-primary selection:text-primary-foreground dark:bg-input/30 border-input flex h-14 w-full min-w-0 rounded-md border bg-transparent px-3 py-1 text-xl shadow-xs transition-[color,box-shadow] outline-none file:inline-flex file:h-7 file:border-0 file:bg-transparent file:text-sm file:font-medium disabled:pointer-events-none disabled:cursor-not-allowed disabled:opacity-50 focus-visible:border-ring focus-visible:ring-ring/50 focus-visible:ring-[3px] aria-invalid:ring-destructive/20 dark:aria-invalid:ring-destructive/40 aria-invalid:border-destructive\"\u001b[39m\n                \u001b[33mdata-slot\u001b[39m=\u001b[32m\"input\"\u001b[39m\n                \u001b[33mdata-testid\u001b[39m=\u001b[32m\"field-education-0-degree\"\u001b[39m\n                \u001b[33mid\u001b[39m=\u001b[32m\"degree-0\"\u001b[39m\n                \u001b[33mname\u001b[39m=\u001b[32m\"education.0.degree\"\u001b[39m\n                \u001b[33mplaceholder\u001b[39m=\u001b[32m\"Bachelor of Computer Science\"\u001b[39m\n              \u001b[36m/>\u001b[39m\n            \u001b[36m</div>\u001b[39m\n          \u001b[36m</div>\u001b[39m\n          \u001b[36m<div\u001b[39m\n            \u001b[33mclass\u001b[39m=\u001b[32m\"grid grid-cols-1 md:grid-cols-3 gap-4\"\u001b[39m\n          \u001b[36m>\u001b[39m\n            \u001b[36m<div>\u001b[39m\n              \u001b[36m<label\u001b[39m\n                \u001b[33mclass\u001b[39m=\u001b[32m\"flex items-center gap-2 text-sm leading-none font-medium select-none group-data-[disabled=true]:pointer-events-none group-data-[disabled=true]:opacity-50 peer-disabled:cursor-not-allowed peer-disabled:opacity-50\"\u001b[39m\n                \u001b[33mdata-slot\u001b[39m=\u001b[32m\"label\"\u001b[39m\n                \u001b[33mfor\u001b[39m=\u001b[32m\"field-0\"\u001b[39m\n              \u001b[36m>\u001b[39m\n                \u001b[0mField of Study\u001b[0m\n                \u001b[0m *\u001b[0m\n              \u001b[36m</label>\u001b[39m\n              \u001b[36m<input\u001b[39m\n                \u001b[33maria-invalid\u001b[39m=\u001b[32m\"false\"\u001b[39m\n                \u001b[33mclass\u001b[39m=\u001b[32m\"file:text-foreground placeholder:text-muted-foreground selection:bg-primary selection:text-primary-foreground dark:bg-input/30 border-input flex h-14 w-full min-w-0 rounded-md border bg-transparent px-3 py-1 text-xl shadow-xs transition-[color,box-shadow] outline-none file:inline-flex file:h-7 file:border-0 file:bg-transparent file:text-sm file:font-medium disabled:pointer-events-none disabled:cursor-not-allowed disabled:opacity-50 focus-visible:border-ring focus-visible:ring-ring/50 focus-visible:ring-[3px] aria-invalid:ring-destructive/20 dark:aria-invalid:ring-destructive/40 aria-invalid:border-destructive\"\u001b[39m\n                \u001b[33mdata-slot\u001b[39m=\u001b[32m\"input\"\u001b[39m\n                \u001b[33mdata-testid\u001b[39m=\u001b[32m\"field-education-0-field\"\u001b[39m\n                \u001b[33mid\u001b[39m=\u001b[32m\"field-0\"\u001b[39m\n                \u001b[33mname\u001b[39m=\u001b[32m\"education.0.fieldOfStudy\"\u001b[39m\n                \u001b[33mplaceholder\u001b[39m=\u001b[32m\"Computer Science\"\u001b[39m\n              \u001b[36m/>\u001b[39m\n            \u001b[36m</div>\u001b[39m\n            \u001b[36m<div>\u001b[39m\n              \u001b[36m<label\u001b[39m\n                \u001b[33mclass\u001b[39m=\u001b[32m\"flex items-center gap-2 text-sm leading-none font-medium select-none group-data-[disabled=true]:pointer-events-none group-data-[disabled=true]:opacity-50 peer-disabled:cursor-not-allowed peer-disabled:opacity-50\"\u001b[39m\n                \u001b[33mdata-slot\u001b[39m=\u001b[32m\"label\"\u001b[39m\n                \u001b[33mfor\u001b[39m=\u001b[32m\"startDate-0\"\u001b[39m\n              \u001b[36m>\u001b[39m\n                \u001b[0mStart Dat...\n    at Object.getElementError (/Users/azizalmulla/Desktop/knet/node_modules/@testing-library/react/node_modules/@testing-library/dom/dist/config.js:37:19)\n    at getAllByLabelText (/Users/azizalmulla/Desktop/knet/node_modules/@testing-library/react/node_modules/@testing-library/dom/dist/queries/label-text.js:111:38)\n    at /Users/azizalmulla/Desktop/knet/node_modules/@testing-library/react/node_modules/@testing-library/dom/dist/query-helpers.js:52:17\n    at /Users/azizalmulla/Desktop/knet/node_modules/@testing-library/react/node_modules/@testing-library/dom/dist/query-helpers.js:95:19\n    at Object.getByLabelText (/Users/azizalmulla/Desktop/knet/__tests__/components/cv-steps/education-step.test.tsx:21:19)\n    at Promise.then.completed (/Users/azizalmulla/Desktop/knet/node_modules/jest-circus/build/utils.js:298:28)\n    at new Promise (<anonymous>)\n    at callAsyncCircusFn (/Users/azizalmulla/Desktop/knet/node_modules/jest-circus/build/utils.js:231:10)\n    at _callCircusTest (/Users/azizalmulla/Desktop/knet/node_modules/jest-circus/build/run.js:316:40)\n    at _runTest (/Users/azizalmulla/Desktop/knet/node_modules/jest-circus/build/run.js:252:3)\n    at _runTestsForDescribeBlock (/Users/azizalmulla/Desktop/knet/node_modules/jest-circus/build/run.js:126:9)\n    at _runTestsForDescribeBlock (/Users/azizalmulla/Desktop/knet/node_modules/jest-circus/build/run.js:121:9)\n    at run (/Users/azizalmulla/Desktop/knet/node_modules/jest-circus/build/run.js:71:3)\n    at runAndTransformResultsToJestFormat (/Users/azizalmulla/Desktop/knet/node_modules/jest-circus/build/legacy-code-todo-rewrite/jestAdapterInit.js:122:21)\n    at jestAdapter (/Users/azizalmulla/Desktop/knet/node_modules/jest-circus/build/legacy-code-todo-rewrite/jestAdapter.js:79:19)\n    at runTestInternal (/Users/azizalmulla/Desktop/knet/node_modules/jest-runner/build/runTest.js:367:16)\n    at runTest (/Users/azizalmulla/Desktop/knet/node_modules/jest-runner/build/runTest.js:444:34)"],"fullName":"EducationStep renders with default education entry","invocations":1,"location":null,"numPassingAsserts":6,"retryReasons":[],"status":"failed","title":"renders with default education entry"},{"ancestorTitles":["EducationStep"],"duration":37,"failureDetails":[],"failureMessages":[],"fullName":"EducationStep adds new education entry when \"Add Education\" is clicked","invocations":1,"location":null,"numPassingAsserts":3,"retryReasons":[],"status":"passed","title":"adds new education entry when \"Add Education\" is clicked"},{"ancestorTitles":["EducationStep"],"duration":41,"failureDetails":[],"failureMessages":[],"fullName":"EducationStep removes education entry when delete button is clicked","invocations":1,"location":null,"numPassingAsserts":4,"retryReasons":[],"status":"passed","title":"removes education entry when delete button is clicked"},{"ancestorTitles":["EducationStep"],"duration":4,"failureDetails":[],"failureMessages":[],"fullName":"EducationStep does not show delete button when only one education entry exists","invocations":1,"location":null,"numPassingAsserts":1,"retryReasons":[],"status":"passed","title":"does not show delete button when only one education entry exists"},{"ancestorTitles":["EducationStep"],"duration":71,"failureDetails":[],"failureMessages":[],"fullName":"EducationStep validates required fields","invocations":1,"location":null,"numPassingAsserts":7,"retryReasons":[],"status":"passed","title":"validates required fields"},{"ancestorTitles":["EducationStep"],"duration":15,"failureDetails":[],"failureMessages":[],"fullName":"EducationStep accepts valid GPA format","invocations":1,"location":null,"numPassingAsserts":2,"retryReasons":[],"status":"passed","title":"accepts valid GPA format"},{"ancestorTitles":["EducationStep"],"duration":117,"failureDetails":[],"failureMessages":[],"fullName":"EducationStep clears validation errors when valid data is entered","invocations":1,"location":null,"numPassingAsserts":5,"retryReasons":[],"status":"passed","title":"clears validation errors when valid data is entered"},{"ancestorTitles":["EducationStep"],"duration":20,"failureDetails":[],"failureMessages":[],"fullName":"EducationStep start date input accepts month format","invocations":1,"location":null,"numPassingAsserts":1,"retryReasons":[],"status":"passed","title":"start date input accepts month format"},{"ancestorTitles":["EducationStep"],"duration":6,"failureDetails":[{"name":"TestingLibraryElementError"}],"failureMessages":["TestingLibraryElementError: Unable to find a label with the text of: /description/i\n\nIgnored nodes: comments, script, style\n\u001b[36m<body>\u001b[39m\n  \u001b[36m<div>\u001b[39m\n    \u001b[36m<div\u001b[39m\n      \u001b[33mclass\u001b[39m=\u001b[32m\"space-y-6\"\u001b[39m\n    \u001b[36m>\u001b[39m\n      \u001b[36m<div\u001b[39m\n        \u001b[33mclass\u001b[39m=\u001b[32m\"text-card-foreground flex flex-col gap-6 rounded-3xl border border-white/10 hover:border-white/20 bg-card/80 supports-[backdrop-filter]:bg-card/70 backdrop-blur shadow-lg shadow-black/50 transition-all duration-300 py-6 md:py-8 relative\"\u001b[39m\n        \u001b[33mdata-slot\u001b[39m=\u001b[32m\"card\"\u001b[39m\n      \u001b[36m>\u001b[39m\n        \u001b[36m<div\u001b[39m\n          \u001b[33mclass\u001b[39m=\u001b[32m\"@container/card-header auto-rows-min grid-rows-[auto_auto] gap-1.5 px-6 md:px-8 has-data-[slot=card-action]:grid-cols-[1fr_auto] [.border-b]:pb-6 flex flex-row items-center justify-between space-y-0 pb-4\"\u001b[39m\n          \u001b[33mdata-slot\u001b[39m=\u001b[32m\"card-header\"\u001b[39m\n        \u001b[36m>\u001b[39m\n          \u001b[36m<div\u001b[39m\n            \u001b[33mclass\u001b[39m=\u001b[32m\"font-semibold text-lg\"\u001b[39m\n            \u001b[33mdata-slot\u001b[39m=\u001b[32m\"card-title\"\u001b[39m\n          \u001b[36m>\u001b[39m\n            \u001b[0mEducation\u001b[0m\n            \u001b[0m \u001b[0m\n            \u001b[0m1\u001b[0m\n          \u001b[36m</div>\u001b[39m\n        \u001b[36m</div>\u001b[39m\n        \u001b[36m<div\u001b[39m\n          \u001b[33mclass\u001b[39m=\u001b[32m\"px-6 md:px-8 space-y-4\"\u001b[39m\n          \u001b[33mdata-slot\u001b[39m=\u001b[32m\"card-content\"\u001b[39m\n        \u001b[36m>\u001b[39m\n          \u001b[36m<div\u001b[39m\n            \u001b[33mclass\u001b[39m=\u001b[32m\"grid grid-cols-1 md:grid-cols-2 gap-4\"\u001b[39m\n          \u001b[36m>\u001b[39m\n            \u001b[36m<div>\u001b[39m\n              \u001b[36m<label\u001b[39m\n                \u001b[33mclass\u001b[39m=\u001b[32m\"flex items-center gap-2 text-sm leading-none font-medium select-none group-data-[disabled=true]:pointer-events-none group-data-[disabled=true]:opacity-50 peer-disabled:cursor-not-allowed peer-disabled:opacity-50\"\u001b[39m\n                \u001b[33mdata-slot\u001b[39m=\u001b[32m\"label\"\u001b[39m\n                \u001b[33mfor\u001b[39m=\u001b[32m\"institution-0\"\u001b[39m\n              \u001b[36m>\u001b[39m\n                \u001b[0mInstitution\u001b[0m\n                \u001b[0m *\u001b[0m\n              \u001b[36m</label>\u001b[39m\n              \u001b[36m<input\u001b[39m\n                \u001b[33maria-invalid\u001b[39m=\u001b[32m\"false\"\u001b[39m\n                \u001b[33mclass\u001b[39m=\u001b[32m\"file:text-foreground placeholder:text-muted-foreground selection:bg-primary selection:text-primary-foreground dark:bg-input/30 border-input flex h-14 w-full min-w-0 rounded-md border bg-transparent px-3 py-1 text-xl shadow-xs transition-[color,box-shadow] outline-none file:inline-flex file:h-7 file:border-0 file:bg-transparent file:text-sm file:font-medium disabled:pointer-events-none disabled:cursor-not-allowed disabled:opacity-50 focus-visible:border-ring focus-visible:ring-ring/50 focus-visible:ring-[3px] aria-invalid:ring-destructive/20 dark:aria-invalid:ring-destructive/40 aria-invalid:border-destructive\"\u001b[39m\n                \u001b[33mdata-slot\u001b[39m=\u001b[32m\"input\"\u001b[39m\n                \u001b[33mdata-testid\u001b[39m=\u001b[32m\"field-education-0-institution\"\u001b[39m\n                \u001b[33mid\u001b[39m=\u001b[32m\"institution-0\"\u001b[39m\n                \u001b[33mname\u001b[39m=\u001b[32m\"education.0.institution\"\u001b[39m\n                \u001b[33mplaceholder\u001b[39m=\u001b[32m\"GUST\"\u001b[39m\n              \u001b[36m/>\u001b[39m\n            \u001b[36m</div>\u001b[39m\n            \u001b[36m<div>\u001b[39m\n              \u001b[36m<label\u001b[39m\n                \u001b[33mclass\u001b[39m=\u001b[32m\"flex items-center gap-2 text-sm leading-none font-medium select-none group-data-[disabled=true]:pointer-events-none group-data-[disabled=true]:opacity-50 peer-disabled:cursor-not-allowed peer-disabled:opacity-50\"\u001b[39m\n                \u001b[33mdata-slot\u001b[39m=\u001b[32m\"label\"\u001b[39m\n                \u001b[33mfor\u001b[39m=\u001b[32m\"degree-0\"\u001b[39m\n              \u001b[36m>\u001b[39m\n                \u001b[0mDegree\u001b[0m\n                \u001b[0m *\u001b[0m\n              \u001b[36m</label>\u001b[39m\n              \u001b[36m<input\u001b[39m\n                \u001b[33maria-invalid\u001b[39m=\u001b[32m\"false\"\u001b[39m\n                \u001b[33mclass\u001b[39m=\u001b[32m\"file:text-foreground placeholder:text-muted-foreground selection:bg-primary selection:text-primary-foreground dark:bg-input/30 border-input flex h-14 w-full min-w-0 rounded-md border bg-transparent px-3 py-1 text-xl shadow-xs transition-[color,box-shadow] outline-none file:inline-flex file:h-7 file:border-0 file:bg-transparent file:text-sm file:font-medium disabled:pointer-events-none disabled:cursor-not-allowed disabled:opacity-50 focus-visible:border-ring focus-visible:ring-ring/50 focus-visible:ring-[3px] aria-invalid:ring-destructive/20 dark:aria-invalid:ring-destructive/40 aria-invalid:border-destructive\"\u001b[39m\n                \u001b[33mdata-slot\u001b[39m=\u001b[32m\"input\"\u001b[39m\n                \u001b[33mdata-testid\u001b[39m=\u001b[32m\"field-education-0-degree\"\u001b[39m\n                \u001b[33mid\u001b[39m=\u001b[32m\"degree-0\"\u001b[39m\n                \u001b[33mname\u001b[39m=\u001b[32m\"education.0.degree\"\u001b[39m\n                \u001b[33mplaceholder\u001b[39m=\u001b[32m\"Bachelor of Computer Science\"\u001b[39m\n              \u001b[36m/>\u001b[39m\n            \u001b[36m</div>\u001b[39m\n          \u001b[36m</div>\u001b[39m\n          \u001b[36m<div\u001b[39m\n            \u001b[33mclass\u001b[39m=\u001b[32m\"grid grid-cols-1 md:grid-cols-3 gap-4\"\u001b[39m\n          \u001b[36m>\u001b[39m\n            \u001b[36m<div>\u001b[39m\n              \u001b[36m<label\u001b[39m\n                \u001b[33mclass\u001b[39m=\u001b[32m\"flex items-center gap-2 text-sm leading-none font-medium select-none group-data-[disabled=true]:pointer-events-none group-data-[disabled=true]:opacity-50 peer-disabled:cursor-not-allowed peer-disabled:opacity-50\"\u001b[39m\n                \u001b[33mdata-slot\u001b[39m=\u001b[32m\"label\"\u001b[39m\n                \u001b[33mfor\u001b[39m=\u001b[32m\"field-0\"\u001b[39m\n              \u001b[36m>\u001b[39m\n                \u001b[0mField of Study\u001b[0m\n                \u001b[0m *\u001b[0m\n              \u001b[36m</label>\u001b[39m\n              \u001b[36m<input\u001b[39m\n                \u001b[33maria-invalid\u001b[39m=\u001b[32m\"false\"\u001b[39m\n                \u001b[33mclass\u001b[39m=\u001b[32m\"file:text-foreground placeholder:text-muted-foreground selection:bg-primary selection:text-primary-foreground dark:bg-input/30 border-input flex h-14 w-full min-w-0 rounded-md border bg-transparent px-3 py-1 text-xl shadow-xs transition-[color,box-shadow] outline-none file:inline-flex file:h-7 file:border-0 file:bg-transparent file:text-sm file:font-medium disabled:pointer-events-none disabled:cursor-not-allowed disabled:opacity-50 focus-visible:border-ring focus-visible:ring-ring/50 focus-visible:ring-[3px] aria-invalid:ring-destructive/20 dark:aria-invalid:ring-destructive/40 aria-invalid:border-destructive\"\u001b[39m\n                \u001b[33mdata-slot\u001b[39m=\u001b[32m\"input\"\u001b[39m\n                \u001b[33mdata-testid\u001b[39m=\u001b[32m\"field-education-0-field\"\u001b[39m\n                \u001b[33mid\u001b[39m=\u001b[32m\"field-0\"\u001b[39m\n                \u001b[33mname\u001b[39m=\u001b[32m\"education.0.fieldOfStudy\"\u001b[39m\n                \u001b[33mplaceholder\u001b[39m=\u001b[32m\"Computer Science\"\u001b[39m\n              \u001b[36m/>\u001b[39m\n            \u001b[36m</div>\u001b[39m\n            \u001b[36m<div>\u001b[39m\n              \u001b[36m<label\u001b[39m\n                \u001b[33mclass\u001b[39m=\u001b[32m\"flex items-center gap-2 text-sm leading-none font-medium select-none group-data-[disabled=true]:pointer-events-none group-data-[disabled=true]:opacity-50 peer-disabled:cursor-not-allowed peer-disabled:opacity-50\"\u001b[39m\n                \u001b[33mdata-slot\u001b[39m=\u001b[32m\"label\"\u001b[39m\n                \u001b[33mfor\u001b[39m=\u001b[32m\"startDate-0\"\u001b[39m\n              \u001b[36m>\u001b[39m\n                \u001b[0mStart Dat...\n    at Object.getElementError (/Users/azizalmulla/Desktop/knet/node_modules/@testing-library/react/node_modules/@testing-library/dom/dist/config.js:37:19)\n    at getAllByLabelText (/Users/azizalmulla/Desktop/knet/node_modules/@testing-library/react/node_modules/@testing-library/dom/dist/queries/label-text.js:111:38)\n    at /Users/azizalmulla/Desktop/knet/node_modules/@testing-library/react/node_modules/@testing-library/dom/dist/query-helpers.js:52:17\n    at /Users/azizalmulla/Desktop/knet/node_modules/@testing-library/react/node_modules/@testing-library/dom/dist/query-helpers.js:95:19\n    at Object.getByLabelText (/Users/azizalmulla/Desktop/knet/__tests__/components/cv-steps/education-step.test.tsx:156:37)\n    at Promise.then.completed (/Users/azizalmulla/Desktop/knet/node_modules/jest-circus/build/utils.js:298:28)\n    at new Promise (<anonymous>)\n    at callAsyncCircusFn (/Users/azizalmulla/Desktop/knet/node_modules/jest-circus/build/utils.js:231:10)\n    at _callCircusTest (/Users/azizalmulla/Desktop/knet/node_modules/jest-circus/build/run.js:316:40)\n    at _runTest (/Users/azizalmulla/Desktop/knet/node_modules/jest-circus/build/run.js:252:3)\n    at _runTestsForDescribeBlock (/Users/azizalmulla/Desktop/knet/node_modules/jest-circus/build/run.js:126:9)\n    at _runTestsForDescribeBlock (/Users/azizalmulla/Desktop/knet/node_modules/jest-circus/build/run.js:121:9)\n    at run (/Users/azizalmulla/Desktop/knet/node_modules/jest-circus/build/run.js:71:3)\n    at runAndTransformResultsToJestFormat (/Users/azizalmulla/Desktop/knet/node_modules/jest-circus/build/legacy-code-todo-rewrite/jestAdapterInit.js:122:21)\n    at jestAdapter (/Users/azizalmulla/Desktop/knet/node_modules/jest-circus/build/legacy-code-todo-rewrite/jestAdapter.js:79:19)\n    at runTestInternal (/Users/azizalmulla/Desktop/knet/node_modules/jest-runner/build/runTest.js:367:16)\n    at runTest (/Users/azizalmulla/Desktop/knet/node_modules/jest-runner/build/runTest.js:444:34)"],"fullName":"EducationStep description field is optional","invocations":1,"location":null,"numPassingAsserts":0,"retryReasons":[],"status":"failed","title":"description field is optional"},{"ancestorTitles":["EducationStep"],"duration":16,"failureDetails":[],"failureMessages":[],"fullName":"EducationStep GPA field is optional","invocations":1,"location":null,"numPassingAsserts":1,"retryReasons":[],"status":"passed","title":"GPA field is optional"},{"ancestorTitles":["EducationStep"],"duration":67,"failureDetails":[],"failureMessages":[],"fullName":"EducationStep manages multiple education entries independently","invocations":1,"location":null,"numPassingAsserts":2,"retryReasons":[],"status":"passed","title":"manages multiple education entries independently"},{"ancestorTitles":["EducationStep"],"duration":132,"failureDetails":[],"failureMessages":[],"fullName":"EducationStep preserves data when removing non-active entries","invocations":1,"location":null,"numPassingAsserts":2,"retryReasons":[],"status":"passed","title":"preserves data when removing non-active entries"}],"endTime":1757519962491,"message":"\u001b[1m\u001b[31m  \u001b[1m● \u001b[22m\u001b[1mEducationStep › renders with default education entry\u001b[39m\u001b[22m\n\n    TestingLibraryElementError: Unable to find a label with the text of: /description/i\n\n    Ignored nodes: comments, script, style\n    \u001b[36m<body>\u001b[39m\n      \u001b[36m<div>\u001b[39m\n        \u001b[36m<div\u001b[39m\n          \u001b[33mclass\u001b[39m=\u001b[32m\"space-y-6\"\u001b[39m\n        \u001b[36m>\u001b[39m\n          \u001b[36m<div\u001b[39m\n            \u001b[33mclass\u001b[39m=\u001b[32m\"text-card-foreground flex flex-col gap-6 rounded-3xl border border-white/10 hover:border-white/20 bg-card/80 supports-[backdrop-filter]:bg-card/70 backdrop-blur shadow-lg shadow-black/50 transition-all duration-300 py-6 md:py-8 relative\"\u001b[39m\n            \u001b[33mdata-slot\u001b[39m=\u001b[32m\"card\"\u001b[39m\n          \u001b[36m>\u001b[39m\n            \u001b[36m<div\u001b[39m\n              \u001b[33mclass\u001b[39m=\u001b[32m\"@container/card-header auto-rows-min grid-rows-[auto_auto] gap-1.5 px-6 md:px-8 has-data-[slot=card-action]:grid-cols-[1fr_auto] [.border-b]:pb-6 flex flex-row items-center justify-between space-y-0 pb-4\"\u001b[39m\n              \u001b[33mdata-slot\u001b[39m=\u001b[32m\"card-header\"\u001b[39m\n            \u001b[36m>\u001b[39m\n              \u001b[36m<div\u001b[39m\n                \u001b[33mclass\u001b[39m=\u001b[32m\"font-semibold text-lg\"\u001b[39m\n                \u001b[33mdata-slot\u001b[39m=\u001b[32m\"card-title\"\u001b[39m\n              \u001b[36m>\u001b[39m\n                \u001b[0mEducation\u001b[0m\n                \u001b[0m \u001b[0m\n                \u001b[0m1\u001b[0m\n              \u001b[36m</div>\u001b[39m\n            \u001b[36m</div>\u001
[...]
Data Coverage should validate \"Others\" field special case","invocations":1,"location":null,"numPassingAsserts":3,"retryReasons":[],"status":"passed","title":"should validate \"Others\" field special case"},{"ancestorTitles":["Career Map Data Integrity","Edge Cases and Error Handling"],"duration":0,"failureDetails":[],"failureMessages":[],"fullName":"Career Map Data Integrity Edge Cases and Error Handling should handle empty string inputs gracefully","invocations":1,"location":null,"numPassingAsserts":4,"retryReasons":[],"status":"passed","title":"should handle empty string inputs gracefully"},{"ancestorTitles":["Career Map Data Integrity","Edge Cases and Error Handling"],"duration":0,"failureDetails":[],"failureMessages":[],"fullName":"Career Map Data Integrity Edge Cases and Error Handling should handle null and undefined inputs","invocations":1,"location":null,"numPassingAsserts":4,"retryReasons":[],"status":"passed","title":"should handle null and undefined inputs"},{"ancestorTitles":["Career Map Data Integrity","Edge Cases and Error Handling"],"duration":0,"failureDetails":[],"failureMessages":[],"fullName":"Career Map Data Integrity Edge Cases and Error Handling should be case sensitive for exact matching","invocations":1,"location":null,"numPassingAsserts":2,"retryReasons":[],"status":"passed","title":"should be case sensitive for exact matching"},{"ancestorTitles":["Career Map Data Integrity","Performance and Scalability"],"duration":1,"failureDetails":[],"failureMessages":[],"fullName":"Career Map Data Integrity Performance and Scalability should perform field lookups efficiently","invocations":1,"location":null,"numPassingAsserts":1,"retryReasons":[],"status":"passed","title":"should perform field lookups efficiently"},{"ancestorTitles":["Career Map Data Integrity","Performance and Scalability"],"duration":0,"failureDetails":[],"failureMessages":[],"fullName":"Career Map Data Integrity Performance and Scalability should perform area lookups efficiently","invocations":1,"location":null,"numPassingAsserts":1,"retryReasons":[],"status":"passed","title":"should perform area lookups efficiently"},{"ancestorTitles":["Career Map Data Integrity","Performance and Scalability"],"duration":0,"failureDetails":[],"failureMessages":[],"fullName":"Career Map Data Integrity Performance and Scalability should perform vacancy matching efficiently","invocations":1,"location":null,"numPassingAsserts":1,"retryReasons":[],"status":"passed","title":"should perform vacancy matching efficiently"},{"ancestorTitles":["Career Map Data Integrity","Data Quality Validation"],"duration":0,"failureDetails":[],"failureMessages":[],"fullName":"Career Map Data Integrity Data Quality Validation should validate no empty or whitespace-only values","invocations":1,"location":null,"numPassingAsserts":1,"retryReasons":[],"status":"passed","title":"should validate no empty or whitespace-only values"},{"ancestorTitles":["Career Map Data Integrity","Data Quality Validation"],"duration":3,"failureDetails":[],"failureMessages":[],"fullName":"Career Map Data Integrity Data Quality Validation should have consistent data format","invocations":1,"location":null,"numPassingAsserts":111,"retryReasons":[],"status":"passed","title":"should have consistent data format"}],"endTime":1757519968403,"message":"","name":"/Users/azizalmulla/Desktop/knet/__tests__/lib/career-map-integrity.test.ts","startTime":1757519968362,"status":"passed","summary":""},{"assertionResults":[{"ancestorTitles":["Career Map Data Integrity"],"duration":1,"failureDetails":[],"failureMessages":[],"fullName":"Career Map Data Integrity career map is unchanged shape","invocations":1,"location":null,"numPassingAsserts":1,"retryReasons":[],"status":"passed","title":"career map is unchanged shape"},{"ancestorTitles":["Career Map Data Integrity"],"duration":6,"failureDetails":[],"failureMessages":[],"fullName":"Career Map Data Integrity career map has required fields","invocations":1,"location":null,"numPassingAsserts":153,"retryReasons":[],"status":"passed","title":"career map has required fields"},{"ancestorTitles":["Career Map Data Integrity"],"duration":0,"failureDetails":[],"failureMessages":[],"fullName":"Career Map Data Integrity career map maintains exact field count","invocations":1,"location":null,"numPassingAsserts":1,"retryReasons":[],"status":"passed","title":"career map maintains exact field count"}],"endTime":1757519968437,"message":"","name":"/Users/azizalmulla/Desktop/knet/__tests__/data/career-map.snapshot.test.ts","startTime":1757519968406,"status":"passed","summary":""},{"assertionResults":[{"ancestorTitles":["Rate Limiting","checkRateLimit"],"duration":2,"failureDetails":[],"failureMessages":[],"fullName":"Rate Limiting checkRateLimit allows requests within limit","invocations":1,"location":null,"numPassingAsserts":15,"retryReasons":[],"status":"passed","title":"allows requests within limit"},{"ancestorTitles":["Rate Limiting","checkRateLimit"],"duration":0,"failureDetails":[],"failureMessages":[],"fullName":"Rate Limiting checkRateLimit blocks requests exceeding limit","invocations":1,"location":null,"numPassingAsserts":3,"retryReasons":[],"status":"passed","title":"blocks requests exceeding limit"},{"ancestorTitles":["Rate Limiting","checkRateLimit"],"duration":0,"failureDetails":[],"failureMessages":[],"fullName":"Rate Limiting checkRateLimit tracks different IPs separately","invocations":1,"location":null,"numPassingAsserts":3,"retryReasons":[],"status":"passed","title":"tracks different IPs separately"},{"ancestorTitles":["Rate Limiting","checkRateLimit"],"duration":0,"failureDetails":[],"failureMessages":[],"fullName":"Rate Limiting checkRateLimit extracts IP from various headers","invocations":1,"location":null,"numPassingAsserts":3,"retryReasons":[],"status":"passed","title":"extracts IP from various headers"},{"ancestorTitles":["Rate Limiting","checkRateLimit"],"duration":0,"failureDetails":[],"failureMessages":[],"fullName":"Rate Limiting checkRateLimit handles missing IP gracefully","invocations":1,"location":null,"numPassingAsserts":1,"retryReasons":[],"status":"passed","title":"handles missing IP gracefully"},{"ancestorTitles":["Rate Limiting","checkRateLimit"],"duration":0,"failureDetails":[],"failureMessages":[],"fullName":"Rate Limiting checkRateLimit resets limit after time window","invocations":1,"location":null,"numPassingAsserts":2,"retryReasons":[],"status":"passed","title":"resets limit after time window"},{"ancestorTitles":["Rate Limiting","createRateLimitResponse"],"duration":0,"failureDetails":[],"failureMessages":[],"fullName":"Rate Limiting createRateLimitResponse creates proper 429 response","invocations":1,"location":null,"numPassingAsserts":4,"retryReasons":[],"status":"passed","title":"creates proper 429 response"},{"ancestorTitles":["Rate Limiting","createRateLimitResponse"],"duration":0,"failureDetails":[],"failureMessages":[],"fullName":"Rate Limiting createRateLimitResponse includes rate limit headers","invocations":1,"location":null,"numPassingAsserts":3,"retryReasons":[],"status":"passed","title":"includes rate limit headers"},{"ancestorTitles":["Rate Limiting","cleanup mechanism"],"duration":0,"failureDetails":[],"failureMessages":[],"fullName":"Rate Limiting cleanup mechanism removes expired entries","invocations":1,"location":null,"numPassingAsserts":0,"retryReasons":[],"status":"passed","title":"removes expired entries"},{"ancestorTitles":["Rate Limiting","concurrent requests"],"duration":0,"failureDetails":[],"failureMessages":[],"fullName":"Rate Limiting concurrent requests handles concurrent requests correctly","invocations":1,"location":null,"numPassingAsserts":2,"retryReasons":[],"status":"passed","title":"handles concurrent requests correctly"}],"endTime":1757519968470,"message":"","name":"/Users/azizalmulla/Desktop/knet/__tests__/lib/rateLimit.test.ts","startTime":1757519968440,"status":"passed","summary":""},{"assertionResults":[{"ancestorTitles":["Admin Security Tests","Authentication Middleware"],"duration":0,"failureDetails":[],"failureMessages":[],"fullName":"Admin Security Tests Authentication Middleware should require Authorization Bearer header","invocations":1,"location":null,"numPassingAsserts":3,"retryReasons":[],"status":"passed","title":"should require Authorization Bearer header"},{"ancestorTitles":["Admin Security Tests","Authentication Middleware"],"duration":0,"failureDetails":[],"failureMessages":[],"fullName":"Admin Security Tests Authentication Middleware should reject invalid Bearer token","invocations":1,"location":null,"numPassingAsserts":2,"retryReasons":[],"status":"passed","title":"should reject invalid Bearer token"},{"ancestorTitles":["Admin Security Tests","Authentication Middleware"],"duration":0,"failureDetails":[],"failureMessages":[],"fullName":"Admin Security Tests Authentication Middleware should reject malformed Authorization header","invocations":1,"location":null,"numPassingAsserts":2,"retryReasons":[],"status":"passed","title":"should reject malformed Authorization header"},{"ancestorTitles":["Admin Security Tests","Authentication Middleware"],"duration":0,"failureDetails":[],"failureMessages":[],"fullName":"Admin Security Tests Authentication Middleware should accept valid admin key","invocations":1,"location":null,"numPassingAsserts":3,"retryReasons":[],"status":"passed","title":"should accept valid admin key"},{"ancestorTitles":["Admin Security Tests","PII Masking"],"duration":1,"failureDetails":[],"failureMessages":[],"fullName":"Admin Security Tests PII Masking should mask email addresses by default","invocations":1,"location":null,"numPassingAsserts":7,"retryReasons":[],"status":"passed","title":"should mask email addresses by default"},{"ancestorTitles":["Admin Security Tests","PII Masking"],"duration":0,"failureDetails":[],"failureMessages":[],"fullName":"Admin Security Tests PII Masking should mask phone numbers by default","invocations":1,"location":null,"numPassingAsserts":6,"retryReasons":[],"status":"passed","title":"should mask phone numbers by default"},{"ancestorTitles":["Admin Security Tests","PII Masking"],"duration":4,"failureDetails":[],"failureMessages":[],"fullName":"Admin Security Tests PII Masking should mask full names by default","invocations":1,"location":null,"numPassingAsserts":6,"retryReasons":[],"status":"passed","title":"should mask full names by default"},{"ancestorTitles":["Admin Security Tests","PII Masking"],"duration":0,"failureDetails":[],"failureMessages":[],"fullName":"Admin Security Tests PII Masking should not mask non-PII fields","invocations":1,"location":null,"numPassingAsserts":4,"retryReasons":[],"status":"passed","title":"should not mask non-PII fields"},{"ancestorTitles":["Admin Security Tests","CSV Export with PII Controls"],"duration":0,"failureDetails":[],"failureMessages":[],"fullName":"Admin Security Tests CSV Export with PII Controls should exclude masked values by default in CSV export","invocations":1,"location":null,"numPassingAsserts":4,"retryReasons":[],"status":"passed","title":"should exclude masked values by default in CSV export"},{"ancestorTitles":["Admin Security Tests","CSV Export with PII Controls"],"duration":0,"failureDetails":[],"failureMessages":[],"fullName":"Admin Security Tests CSV Export with PII Controls should include full values when \"Include PII\" is enabled","invocations":1,"location":null,"numPassingAsserts":4,"retryReasons":[],"status":"passed","title":"should include full values when \"Include PII\" is enabled"},{"ancestorTitles":["Admin Security Tests","Admin Table UI Tests"],"duration":0,"failureDetails":[],"failureMessages":[],"fullName":"Admin Security Tests Admin Table UI Tests should hide PII in table rows by default","invocations":1,"location":null,"numPassingAsserts":3,"retryReasons":[],"status":"passed","title":"should hide PII in table rows by default"},{"ancestorTitles":["Admin Security Tests","Admin Table UI Tests"],"duration":0,"failureDetails":[],"failureMessages":[],"fullName":"Admin Security Tests Admin Table UI Tests should show full PII in row drawer when expanded","invocations":1,"location":null,"numPassingAsserts":3,"retryReasons":[],"status":"passed","title":"should show full PII in row drawer when expanded"},{"ancestorTitles":["Admin Security Tests","Audit Logging"],"duration":1,"failureDetails":[],"failureMessages":[],"fullName":"Admin Security Tests Audit Logging should log admin access with timestamp and action","invocations":1,"location":null,"numPassingAsserts":5,"retryReasons":[],"status":"passed","title":"should log admin access with timestamp and action"}],"endTime":1757519968502,"message":"","name":"/Users/azizalmulla/Desktop/knet/__tests__/api/admin-security.test.ts","startTime":1757519968475,"status":"passed","summary":""},{"assertionResults":[{"ancestorTitles":["/api/ai/career-assistant"],"duration":4,"failureDetails":[],"failureMessages":[],"fullName":"/api/ai/career-assistant returns 422 with needs when required info is missing (mode: complete)","invocations":1,"location":null,"numPassingAsserts":3,"retryReasons":[],"status":"passed","title":"returns 422 with needs when required info is missing (mode: complete)"},{"ancestorTitles":["/api/ai/career-assistant"],"duration":0,"failureDetails":[],"failureMessages":[],"fullName":"/api/ai/career-assistant optimizes and localizes bullets to Arabic (mode: optimize)","invocations":1,"location":null,"numPassingAsserts":3,"retryReasons":[],"status":"passed","title":"optimizes and localizes bullets to Arabic (mode: optimize)"},{"ancestorTitles":["/api/ai/career-assistant"],"duration":0,"failureDetails":[],"failureMessages":[],"fullName":"/api/ai/career-assistant returns 429 when rate limited","invocations":1,"location":null,"numPassingAsserts":2,"retryReasons":[],"status":"passed","title":"returns 429 when rate limited"}],"endTime":1757519968531,"message":"","name":"/Users/azizalmulla/Desktop/knet/__tests__/api/career-assistant.test.ts","startTime":1757519968503,"status":"passed","summary":""},{"assertionResults":[{"ancestorTitles":["/api/admin/auth"],"duration":0,"failureDetails":[],"failureMessages":[],"fullName":"/api/admin/auth authenticates with valid admin key","invocations":1,"location":null,"numPassingAsserts":3,"retryReasons":[],"status":"passed","title":"authenticates with valid admin key"},{"ancestorTitles":["/api/admin/auth"],"duration":0,"failureDetails":[],"failureMessages":[],"fullName":"/api/admin/auth rejects invalid admin key","invocations":1,"location":null,"numPassingAsserts":2,"retryReasons":[],"status":"passed","title":"rejects invalid admin key"},{"ancestorTitles":["/api/admin/auth"],"duration":0,"failureDetails":[],"failureMessages":[],"fullName":"/api/admin/auth rejects empty token","invocations":1,"location":null,"numPassingAsserts":1,"retryReasons":[],"status":"passed","title":"rejects empty token"},{"ancestorTitles":["/api/admin/auth"],"duration":0,"failureDetails":[],"failureMessages":[],"fullName":"/api/admin/auth applies rate limiting - blocks after limit exceeded","invocations":1,"location":null,"numPassingAsserts":1,"retryReasons":[],"status":"passed","title":"applies rate limiting - blocks after limit exceeded"},{"ancestorTitles":["/api/admin/auth"],"duration":0,"failureDetails":[],"failureMessages":[],"fullName":"/api/admin/auth rate limiting allows requests within limit","invocations":1,"location":null,"numPassingAsserts":2,"retryReasons":[],"status":"passed","title":"rate limiting allows requests within limit"},{"ancestorTitles":["/api/admin/auth"],"duration":0,"failureDetails":[],"failureMessages":[],"fullName":"/api/admin/auth extracts correct IP from headers","invocations":1,"location":null,"numPassingAsserts":1,"retryReasons":[],"status":"passed","title":"extracts correct IP from headers"},{"ancestorTitles":["/api/admin/auth"],"duration":0,"failureDetails":[],"failureMessages":[],"fullName":"/api/admin/auth handles malformed JSON gracefully","invocations":1,"location":null,"numPassingAsserts":1,"retryReasons":[],"status":"passed","title":"handles malformed JSON gracefully"},{"ancestorTitles":["/api/admin/auth"],"duration":0,"failureDetails":[],"failureMessages":[],"fullName":"/api/admin/auth invokes rate limit check","invocations":1,"location":null,"numPassingAsserts":1,"retryReasons":[],"status":"passed","title":"invokes rate limit check"}],"endTime":1757519968563,"message":"","name":"/Users/azizalmulla/Desktop/knet/__tests__/api/admin-auth.test.ts","startTime":1757519968534,"status":"passed","summary":""},{"assertionResults":[{"ancestorTitles":["/api/telemetry/top"],"duration":1,"failureDetails":[],"failureMessages":[],"fullName":"/api/telemetry/top returns top field/area combinations successfully","invocations":1,"location":null,"numPassingAsserts":7,"retryReasons":[],"status":"passed","title":"returns top field/area combinations successfully"},{"ancestorTitles":["/api/telemetry/top"],"duration":0,"failureDetails":[],"failureMessages":[],"fullName":"/api/telemetry/top respects custom limit parameter","invocations":1,"location":null,"numPassingAsserts":1,"retryReasons":[],"status":"passed","title":"respects custom limit parameter"},{"ancestorTitles":["/api/telemetry/top"],"duration":0,"failureDetails":[],"failureMessages":[],"fullName":"/api/telemetry/top enforces maximum limit of 50","invocations":1,"location":null,"numPassingAsserts":1,"retryReasons":[],"status":"passed","title":"enforces maximum limit of 50"},{"ancestorTitles":["/api/telemetry/top"],"duration":0,"failureDetails":[],"failureMessages":[],"fullName":"/api/telemetry/top handles invalid limit gracefully","invocations":1,"location":null,"numPassingAsserts":1,"retryReasons":[],"status":"passed","title":"handles invalid limit gracefully"},{"ancestorTitles":["/api/telemetry/top"],"duration":0,"failureDetails":[],"failureMessages":[],"fullName":"/api/telemetry/top returns 429 when rate limited","invocations":1,"location":null,"numPassingAsserts":2,"retryReasons":[],"status":"passed","title":"returns 429 when rate limited"},{"ancestorTitles":["/api/telemetry/top"],"duration":0,"failureDetails":[],"failureMessages":[],"fullName":"/api/telemetry/top handles database errors gracefully","invocations":1,"location":null,"numPassingAsserts":4,"retryReasons":[],"status":"passed","title":"handles database errors gracefully"},{"ancestorTitles":["/api/telemetry/top"],"duration":1,"failureDetails":[],"failureMessages":[],"fullName":"/api/telemetry/top handles empty results","invocations":1,"location":null,"numPassingAsserts":4,"retryReasons":[],"status":"passed","title":"handles empty results"},{"ancestorTitles":["/api/telemetry/top"],"duration":0,"failureDetails":[],"failureMessages":[],"fullName":"/api/telemetry/top handles null total count","invocations":1,"location":null,"numPassingAsserts":2,"retryReasons":[],"status":"passed","title":"handles null total count"},{"ancestorTitles":["/api/telemetry/top"],"duration":0,"failureDetails":[],"failureMessages":[],"fullName":"/api/telemetry/top uses correct SQL query for combinations","invocations":1,"location":null,"numPassingAsserts":8,"retryReasons":[],"status":"passed","title":"uses correct SQL query for combinations"},{"ancestorTitles":["/api/telemetry/top"],"duration":1,"failureDetails":[],"failureMessages":[],"fullName":"/api/telemetry/top calculates percentages correctly","invocations":1,"location":null,"numPassingAsserts":2,"retryReasons":[],"status":"passed","title":"calculates percentages correctly"},{"ancestorTitles":["/api/telemetry/top"],"duration":0,"failureDetails":[],"failureMessages":[],"fullName":"/api/telemetry/top filters out null and empty values","invocations":1,"location":null,"numPassingAsserts":4,"retryReasons":[],"status":"passed","title":"filters out null and empty values"}],"endTime":1757519968589,"message":"","name":"/Users/azizalmulla/Desktop/knet/__tests__/api/telemetry-top.test.ts","startTime":1757519968565,"status":"passed","summary":""}],"wasInterrupted":false}
